[0.113s] DEBUG:colcon:Command line arguments: ['/usr/bin/colcon', 'build', '--symlink-install']
[0.113s] DEBUG:colcon:Parsed command line arguments: Namespace(log_base=None, log_level=None, verb_name='build', build_base='build', install_base='install', merge_install=False, symlink_install=True, test_result_base=None, continue_on_error=False, executor='parallel', parallel_workers=8, event_handlers=None, ignore_user_meta=False, metas=['./colcon.meta'], base_paths=['.'], packages_ignore=None, packages_ignore_regex=None, paths=None, packages_up_to=None, packages_up_to_regex=None, packages_above=None, packages_above_and_dependencies=None, packages_above_depth=None, packages_select_by_dep=None, packages_skip_by_dep=None, packages_skip_up_to=None, packages_select_build_failed=False, packages_skip_build_finished=False, packages_select_test_failures=False, packages_skip_test_passed=False, packages_select=None, packages_skip=None, packages_select_regex=None, packages_skip_regex=None, packages_start=None, packages_end=None, allow_overriding=[], cmake_args=None, cmake_target=None, cmake_target_skip_unavailable=False, cmake_clean_cache=False, cmake_clean_first=False, cmake_force_configure=False, ament_cmake_args=None, catkin_cmake_args=None, catkin_skip_building_tests=False, verb_parser=<colcon_defaults.argument_parser.defaults.DefaultArgumentsDecorator object at 0x78f1a4578670>, verb_extension=<colcon_core.verb.build.BuildVerb object at 0x78f1a4578160>, main=<bound method BuildVerb.main of <colcon_core.verb.build.BuildVerb object at 0x78f1a4578160>>)
[0.282s] Level 1:colcon.colcon_core.package_discovery:discover_packages(colcon_meta) check parameters
[0.282s] Level 1:colcon.colcon_core.package_discovery:discover_packages(recursive) check parameters
[0.282s] Level 1:colcon.colcon_core.package_discovery:discover_packages(ignore) check parameters
[0.282s] Level 1:colcon.colcon_core.package_discovery:discover_packages(path) check parameters
[0.282s] Level 1:colcon.colcon_core.package_discovery:discover_packages(colcon_meta) discover
[0.282s] Level 1:colcon.colcon_core.package_discovery:discover_packages(recursive) discover
[0.282s] INFO:colcon.colcon_core.package_discovery:Crawling recursively for packages in '/home/ashalen/mearm_ros2_ws'
[0.283s] Level 1:colcon.colcon_core.package_identification:_identify(.) by extensions ['ignore', 'ignore_ament_install']
[0.283s] Level 1:colcon.colcon_core.package_identification:_identify(.) by extension 'ignore'
[0.283s] Level 1:colcon.colcon_core.package_identification:_identify(.) by extension 'ignore_ament_install'
[0.283s] Level 1:colcon.colcon_core.package_identification:_identify(.) by extensions ['colcon_pkg']
[0.283s] Level 1:colcon.colcon_core.package_identification:_identify(.) by extension 'colcon_pkg'
[0.283s] Level 1:colcon.colcon_core.package_identification:_identify(.) by extensions ['colcon_meta']
[0.283s] Level 1:colcon.colcon_core.package_identification:_identify(.) by extension 'colcon_meta'
[0.283s] Level 1:colcon.colcon_core.package_identification:_identify(.) by extensions ['ros']
[0.283s] Level 1:colcon.colcon_core.package_identification:_identify(.) by extension 'ros'
[0.304s] Level 1:colcon.colcon_core.package_identification:_identify(.) by extensions ['cmake', 'python']
[0.304s] Level 1:colcon.colcon_core.package_identification:_identify(.) by extension 'cmake'
[0.304s] Level 1:colcon.colcon_core.package_identification:_identify(.) by extension 'python'
[0.304s] Level 1:colcon.colcon_core.package_identification:_identify(.) by extensions ['python_setup_py']
[0.304s] Level 1:colcon.colcon_core.package_identification:_identify(.) by extension 'python_setup_py'
[0.304s] Level 1:colcon.colcon_core.package_identification:_identify(build) by extensions ['ignore', 'ignore_ament_install']
[0.305s] Level 1:colcon.colcon_core.package_identification:_identify(build) by extension 'ignore'
[0.305s] Level 1:colcon.colcon_core.package_identification:_identify(build) ignored
[0.305s] Level 1:colcon.colcon_core.package_identification:_identify(install) by extensions ['ignore', 'ignore_ament_install']
[0.305s] Level 1:colcon.colcon_core.package_identification:_identify(install) by extension 'ignore'
[0.305s] Level 1:colcon.colcon_core.package_identification:_identify(install) ignored
[0.305s] Level 1:colcon.colcon_core.package_identification:_identify(log) by extensions ['ignore', 'ignore_ament_install']
[0.305s] Level 1:colcon.colcon_core.package_identification:_identify(log) by extension 'ignore'
[0.305s] Level 1:colcon.colcon_core.package_identification:_identify(log) ignored
[0.305s] Level 1:colcon.colcon_core.package_identification:_identify(mearm_launch) by extensions ['ignore', 'ignore_ament_install']
[0.305s] Level 1:colcon.colcon_core.package_identification:_identify(mearm_launch) by extension 'ignore'
[0.306s] Level 1:colcon.colcon_core.package_identification:_identify(mearm_launch) by extension 'ignore_ament_install'
[0.306s] Level 1:colcon.colcon_core.package_identification:_identify(mearm_launch) by extensions ['colcon_pkg']
[0.306s] Level 1:colcon.colcon_core.package_identification:_identify(mearm_launch) by extension 'colcon_pkg'
[0.306s] Level 1:colcon.colcon_core.package_identification:_identify(mearm_launch) by extensions ['colcon_meta']
[0.306s] Level 1:colcon.colcon_core.package_identification:_identify(mearm_launch) by extension 'colcon_meta'
[0.306s] Level 1:colcon.colcon_core.package_identification:_identify(mearm_launch) by extensions ['ros']
[0.306s] Level 1:colcon.colcon_core.package_identification:_identify(mearm_launch) by extension 'ros'
[0.308s] DEBUG:colcon.colcon_core.package_identification:Package 'mearm_launch' with type 'ros.ament_cmake' and name 'mearm_launch'
[0.308s] Level 1:colcon.colcon_core.package_identification:_identify(src) by extensions ['ignore', 'ignore_ament_install']
[0.308s] Level 1:colcon.colcon_core.package_identification:_identify(src) by extension 'ignore'
[0.308s] Level 1:colcon.colcon_core.package_identification:_identify(src) by extension 'ignore_ament_install'
[0.308s] Level 1:colcon.colcon_core.package_identification:_identify(src) by extensions ['colcon_pkg']
[0.308s] Level 1:colcon.colcon_core.package_identification:_identify(src) by extension 'colcon_pkg'
[0.308s] Level 1:colcon.colcon_core.package_identification:_identify(src) by extensions ['colcon_meta']
[0.308s] Level 1:colcon.colcon_core.package_identification:_identify(src) by extension 'colcon_meta'
[0.309s] Level 1:colcon.colcon_core.package_identification:_identify(src) by extensions ['ros']
[0.309s] Level 1:colcon.colcon_core.package_identification:_identify(src) by extension 'ros'
[0.309s] Level 1:colcon.colcon_core.package_identification:_identify(src) by extensions ['cmake', 'python']
[0.309s] Level 1:colcon.colcon_core.package_identification:_identify(src) by extension 'cmake'
[0.309s] Level 1:colcon.colcon_core.package_identification:_identify(src) by extension 'python'
[0.309s] Level 1:colcon.colcon_core.package_identification:_identify(src) by extensions ['python_setup_py']
[0.309s] Level 1:colcon.colcon_core.package_identification:_identify(src) by extension 'python_setup_py'
[0.309s] Level 1:colcon.colcon_core.package_identification:_identify(src/mearm_model) by extensions ['ignore', 'ignore_ament_install']
[0.309s] Level 1:colcon.colcon_core.package_identification:_identify(src/mearm_model) by extension 'ignore'
[0.309s] Level 1:colcon.colcon_core.package_identification:_identify(src/mearm_model) by extension 'ignore_ament_install'
[0.309s] Level 1:colcon.colcon_core.package_identification:_identify(src/mearm_model) by extensions ['colcon_pkg']
[0.309s] Level 1:colcon.colcon_core.package_identification:_identify(src/mearm_model) by extension 'colcon_pkg'
[0.309s] Level 1:colcon.colcon_core.package_identification:_identify(src/mearm_model) by extensions ['colcon_meta']
[0.309s] Level 1:colcon.colcon_core.package_identification:_identify(src/mearm_model) by extension 'colcon_meta'
[0.309s] Level 1:colcon.colcon_core.package_identification:_identify(src/mearm_model) by extensions ['ros']
[0.309s] Level 1:colcon.colcon_core.package_identification:_identify(src/mearm_model) by extension 'ros'
[0.310s] DEBUG:colcon.colcon_core.package_identification:Package 'src/mearm_model' with type 'ros.ament_cmake' and name 'mearm_model'
[0.310s] Level 1:colcon.colcon_core.package_discovery:discover_packages(recursive) using defaults
[0.310s] Level 1:colcon.colcon_core.package_discovery:discover_packages(ignore) discover
[0.310s] Level 1:colcon.colcon_core.package_discovery:discover_packages(ignore) using defaults
[0.310s] Level 1:colcon.colcon_core.package_discovery:discover_packages(path) discover
[0.310s] Level 1:colcon.colcon_core.package_discovery:discover_packages(path) using defaults
[0.329s] Level 1:colcon.colcon_core.package_discovery:discover_packages(prefix_path) check parameters
[0.329s] Level 1:colcon.colcon_core.package_discovery:discover_packages(prefix_path) discover
[0.329s] WARNING:colcon.colcon_ros.prefix_path.ament:The path '/home/ashalen/mearm_model_ws/install' in the environment variable AMENT_PREFIX_PATH doesn't exist
[0.331s] DEBUG:colcon.colcon_installed_package_information.package_discovery:Found 342 installed packages in /opt/ros/humble
[0.333s] Level 1:colcon.colcon_core.package_discovery:discover_packages(prefix_path) using defaults
[0.377s] Level 5:colcon.colcon_core.verb:set package 'mearm_launch' build argument 'cmake_args' from command line to 'None'
[0.377s] Level 5:colcon.colcon_core.verb:set package 'mearm_launch' build argument 'cmake_target' from command line to 'None'
[0.377s] Level 5:colcon.colcon_core.verb:set package 'mearm_launch' build argument 'cmake_target_skip_unavailable' from command line to 'False'
[0.377s] Level 5:colcon.colcon_core.verb:set package 'mearm_launch' build argument 'cmake_clean_cache' from command line to 'False'
[0.377s] Level 5:colcon.colcon_core.verb:set package 'mearm_launch' build argument 'cmake_clean_first' from command line to 'False'
[0.377s] Level 5:colcon.colcon_core.verb:set package 'mearm_launch' build argument 'cmake_force_configure' from command line to 'False'
[0.377s] Level 5:colcon.colcon_core.verb:set package 'mearm_launch' build argument 'ament_cmake_args' from command line to 'None'
[0.377s] Level 5:colcon.colcon_core.verb:set package 'mearm_launch' build argument 'catkin_cmake_args' from command line to 'None'
[0.377s] Level 5:colcon.colcon_core.verb:set package 'mearm_launch' build argument 'catkin_skip_building_tests' from command line to 'False'
[0.377s] DEBUG:colcon.colcon_core.verb:Building package 'mearm_launch' with the following arguments: {'ament_cmake_args': None, 'build_base': '/home/ashalen/mearm_ros2_ws/build/mearm_launch', 'catkin_cmake_args': None, 'catkin_skip_building_tests': False, 'cmake_args': None, 'cmake_clean_cache': False, 'cmake_clean_first': False, 'cmake_force_configure': False, 'cmake_target': None, 'cmake_target_skip_unavailable': False, 'install_base': '/home/ashalen/mearm_ros2_ws/install/mearm_launch', 'merge_install': False, 'path': '/home/ashalen/mearm_ros2_ws/mearm_launch', 'symlink_install': True, 'test_result_base': None}
[0.377s] Level 5:colcon.colcon_core.verb:set package 'mearm_model' build argument 'cmake_args' from command line to 'None'
[0.377s] Level 5:colcon.colcon_core.verb:set package 'mearm_model' build argument 'cmake_target' from command line to 'None'
[0.377s] Level 5:colcon.colcon_core.verb:set package 'mearm_model' build argument 'cmake_target_skip_unavailable' from command line to 'False'
[0.377s] Level 5:colcon.colcon_core.verb:set package 'mearm_model' build argument 'cmake_clean_cache' from command line to 'False'
[0.378s] Level 5:colcon.colcon_core.verb:set package 'mearm_model' build argument 'cmake_clean_first' from command line to 'False'
[0.378s] Level 5:colcon.colcon_core.verb:set package 'mearm_model' build argument 'cmake_force_configure' from command line to 'False'
[0.378s] Level 5:colcon.colcon_core.verb:set package 'mearm_model' build argument 'ament_cmake_args' from command line to 'None'
[0.378s] Level 5:colcon.colcon_core.verb:set package 'mearm_model' build argument 'catkin_cmake_args' from command line to 'None'
[0.378s] Level 5:colcon.colcon_core.verb:set package 'mearm_model' build argument 'catkin_skip_building_tests' from command line to 'False'
[0.378s] DEBUG:colcon.colcon_core.verb:Building package 'mearm_model' with the following arguments: {'ament_cmake_args': None, 'build_base': '/home/ashalen/mearm_ros2_ws/build/mearm_model', 'catkin_cmake_args': None, 'catkin_skip_building_tests': False, 'cmake_args': None, 'cmake_clean_cache': False, 'cmake_clean_first': False, 'cmake_force_configure': False, 'cmake_target': None, 'cmake_target_skip_unavailable': False, 'install_base': '/home/ashalen/mearm_ros2_ws/install/mearm_model', 'merge_install': False, 'path': '/home/ashalen/mearm_ros2_ws/src/mearm_model', 'symlink_install': True, 'test_result_base': None}
[0.378s] INFO:colcon.colcon_core.executor:Executing jobs using 'parallel' executor
[0.379s] DEBUG:colcon.colcon_parallel_executor.executor.parallel:run_until_complete
[0.379s] INFO:colcon.colcon_ros.task.ament_cmake.build:Building ROS package in '/home/ashalen/mearm_ros2_ws/mearm_launch' with build type 'ament_cmake'
[0.379s] INFO:colcon.colcon_cmake.task.cmake.build:Building CMake package in '/home/ashalen/mearm_ros2_ws/mearm_launch'
[0.381s] INFO:colcon.colcon_core.plugin_system:Skipping extension 'colcon_core.shell.bat': Not used on non-Windows systems
[0.381s] INFO:colcon.colcon_core.shell:Skip shell extension 'powershell' for command environment: Not usable outside of PowerShell
[0.381s] DEBUG:colcon.colcon_core.shell:Skip shell extension 'dsv' for command environment
[0.384s] INFO:colcon.colcon_ros.task.ament_cmake.build:Building ROS package in '/home/ashalen/mearm_ros2_ws/src/mearm_model' with build type 'ament_cmake'
[0.384s] INFO:colcon.colcon_cmake.task.cmake.build:Building CMake package in '/home/ashalen/mearm_ros2_ws/src/mearm_model'
[0.384s] INFO:colcon.colcon_core.shell:Skip shell extension 'powershell' for command environment: Not usable outside of PowerShell
[0.385s] DEBUG:colcon.colcon_core.shell:Skip shell extension 'dsv' for command environment
[0.392s] DEBUG:colcon.colcon_core.event_handler.log_command:Invoking command in '/home/ashalen/mearm_ros2_ws/build/mearm_launch': CMAKE_PREFIX_PATH=/home/ashalen/mearm_model_ws/install:/opt/ros/humble: /usr/bin/cmake /home/ashalen/mearm_ros2_ws/mearm_launch -DAMENT_CMAKE_SYMLINK_INSTALL=1 -DCMAKE_INSTALL_PREFIX=/home/ashalen/mearm_ros2_ws/install/mearm_launch
[0.395s] DEBUG:colcon.colcon_core.event_handler.log_command:Invoking command in '/home/ashalen/mearm_ros2_ws/build/mearm_model': CMAKE_PREFIX_PATH=/home/ashalen/mearm_model_ws/install:/opt/ros/humble: /usr/bin/cmake --build /home/ashalen/mearm_ros2_ws/build/mearm_model -- -j8 -l8
[0.430s] DEBUG:colcon.colcon_core.event_handler.log_command:Invoked command in '/home/ashalen/mearm_ros2_ws/build/mearm_model' returned '0': CMAKE_PREFIX_PATH=/home/ashalen/mearm_model_ws/install:/opt/ros/humble: /usr/bin/cmake --build /home/ashalen/mearm_ros2_ws/build/mearm_model -- -j8 -l8
[0.439s] DEBUG:colcon.colcon_core.event_handler.log_command:Invoking command in '/home/ashalen/mearm_ros2_ws/build/mearm_model': CMAKE_PREFIX_PATH=/home/ashalen/mearm_model_ws/install:/opt/ros/humble: /usr/bin/cmake --install /home/ashalen/mearm_ros2_ws/build/mearm_model
[0.480s] Level 1:colcon.colcon_core.environment:create_environment_scripts_only(mearm_model)
[0.481s] DEBUG:colcon.colcon_core.event_handler.log_command:Invoked command in '/home/ashalen/mearm_ros2_ws/build/mearm_model' returned '0': CMAKE_PREFIX_PATH=/home/ashalen/mearm_model_ws/install:/opt/ros/humble: /usr/bin/cmake --install /home/ashalen/mearm_ros2_ws/build/mearm_model
[0.483s] Level 1:colcon.colcon_core.environment:checking '/home/ashalen/mearm_ros2_ws/install/mearm_model' for CMake module files
[0.483s] Level 1:colcon.colcon_core.environment:checking '/home/ashalen/mearm_ros2_ws/install/mearm_model' for CMake config files
[0.484s] Level 1:colcon.colcon_core.shell:create_environment_hook('mearm_model', 'cmake_prefix_path')
[0.484s] INFO:colcon.colcon_core.shell:Creating environment hook '/home/ashalen/mearm_ros2_ws/install/mearm_model/share/mearm_model/hook/cmake_prefix_path.ps1'
[0.485s] INFO:colcon.colcon_core.shell:Creating environment descriptor '/home/ashalen/mearm_ros2_ws/install/mearm_model/share/mearm_model/hook/cmake_prefix_path.dsv'
[0.486s] INFO:colcon.colcon_core.shell:Creating environment hook '/home/ashalen/mearm_ros2_ws/install/mearm_model/share/mearm_model/hook/cmake_prefix_path.sh'
[0.487s] Level 1:colcon.colcon_core.environment:checking '/home/ashalen/mearm_ros2_ws/install/mearm_model/bin'
[0.487s] Level 1:colcon.colcon_core.environment:checking '/home/ashalen/mearm_ros2_ws/install/mearm_model/lib/pkgconfig/mearm_model.pc'
[0.487s] Level 1:colcon.colcon_core.environment:checking '/home/ashalen/mearm_ros2_ws/install/mearm_model/lib/python3.10/site-packages'
[0.488s] Level 1:colcon.colcon_core.environment:checking '/home/ashalen/mearm_ros2_ws/install/mearm_model/bin'
[0.488s] INFO:colcon.colcon_core.shell:Creating package script '/home/ashalen/mearm_ros2_ws/install/mearm_model/share/mearm_model/package.ps1'
[0.489s] INFO:colcon.colcon_core.shell:Creating package descriptor '/home/ashalen/mearm_ros2_ws/install/mearm_model/share/mearm_model/package.dsv'
[0.490s] INFO:colcon.colcon_core.shell:Creating package script '/home/ashalen/mearm_ros2_ws/install/mearm_model/share/mearm_model/package.sh'
[0.492s] INFO:colcon.colcon_core.shell:Creating package script '/home/ashalen/mearm_ros2_ws/install/mearm_model/share/mearm_model/package.bash'
[0.493s] INFO:colcon.colcon_core.shell:Creating package script '/home/ashalen/mearm_ros2_ws/install/mearm_model/share/mearm_model/package.zsh'
[0.494s] Level 1:colcon.colcon_core.environment:create_file_with_runtime_dependencies(/home/ashalen/mearm_ros2_ws/install/mearm_model/share/colcon-core/packages/mearm_model)
[0.495s] Level 1:colcon.colcon_core.environment:create_environment_scripts_only(mearm_model)
[0.496s] Level 1:colcon.colcon_core.environment:checking '/home/ashalen/mearm_ros2_ws/install/mearm_model' for CMake module files
[0.496s] Level 1:colcon.colcon_core.environment:checking '/home/ashalen/mearm_ros2_ws/install/mearm_model' for CMake config files
[0.496s] Level 1:colcon.colcon_core.shell:create_environment_hook('mearm_model', 'cmake_prefix_path')
[0.497s] INFO:colcon.colcon_core.shell:Creating environment hook '/home/ashalen/mearm_ros2_ws/install/mearm_model/share/mearm_model/hook/cmake_prefix_path.ps1'
[0.497s] INFO:colcon.colcon_core.shell:Creating environment descriptor '/home/ashalen/mearm_ros2_ws/install/mearm_model/share/mearm_model/hook/cmake_prefix_path.dsv'
[0.498s] INFO:colcon.colcon_core.shell:Creating environment hook '/home/ashalen/mearm_ros2_ws/install/mearm_model/share/mearm_model/hook/cmake_prefix_path.sh'
[0.499s] Level 1:colcon.colcon_core.environment:checking '/home/ashalen/mearm_ros2_ws/install/mearm_model/bin'
[0.499s] Level 1:colcon.colcon_core.environment:checking '/home/ashalen/mearm_ros2_ws/install/mearm_model/lib/pkgconfig/mearm_model.pc'
[0.499s] Level 1:colcon.colcon_core.environment:checking '/home/ashalen/mearm_ros2_ws/install/mearm_model/lib/python3.10/site-packages'
[0.499s] Level 1:colcon.colcon_core.environment:checking '/home/ashalen/mearm_ros2_ws/install/mearm_model/bin'
[0.500s] INFO:colcon.colcon_core.shell:Creating package script '/home/ashalen/mearm_ros2_ws/install/mearm_model/share/mearm_model/package.ps1'
[0.500s] INFO:colcon.colcon_core.shell:Creating package descriptor '/home/ashalen/mearm_ros2_ws/install/mearm_model/share/mearm_model/package.dsv'
[0.501s] INFO:colcon.colcon_core.shell:Creating package script '/home/ashalen/mearm_ros2_ws/install/mearm_model/share/mearm_model/package.sh'
[0.501s] INFO:colcon.colcon_core.shell:Creating package script '/home/ashalen/mearm_ros2_ws/install/mearm_model/share/mearm_model/package.bash'
[0.502s] INFO:colcon.colcon_core.shell:Creating package script '/home/ashalen/mearm_ros2_ws/install/mearm_model/share/mearm_model/package.zsh'
[0.502s] Level 1:colcon.colcon_core.environment:create_file_with_runtime_dependencies(/home/ashalen/mearm_ros2_ws/install/mearm_model/share/colcon-core/packages/mearm_model)
[1.038s] DEBUG:colcon.colcon_core.event_handler.log_command:Invoked command in '/home/ashalen/mearm_ros2_ws/build/mearm_launch' returned '0': CMAKE_PREFIX_PATH=/home/ashalen/mearm_model_ws/install:/opt/ros/humble: /usr/bin/cmake /home/ashalen/mearm_ros2_ws/mearm_launch -DAMENT_CMAKE_SYMLINK_INSTALL=1 -DCMAKE_INSTALL_PREFIX=/home/ashalen/mearm_ros2_ws/install/mearm_launch
[1.039s] DEBUG:colcon.colcon_core.event_handler.log_command:Invoking command in '/home/ashalen/mearm_ros2_ws/build/mearm_launch': CMAKE_PREFIX_PATH=/home/ashalen/mearm_model_ws/install:/opt/ros/humble: /usr/bin/cmake --build /home/ashalen/mearm_ros2_ws/build/mearm_launch -- -j8 -l8
[1.074s] DEBUG:colcon.colcon_core.event_handler.log_command:Invoked command in '/home/ashalen/mearm_ros2_ws/build/mearm_launch' returned '0': CMAKE_PREFIX_PATH=/home/ashalen/mearm_model_ws/install:/opt/ros/humble: /usr/bin/cmake --build /home/ashalen/mearm_ros2_ws/build/mearm_launch -- -j8 -l8
[1.075s] DEBUG:colcon.colcon_core.event_handler.log_command:Invoking command in '/home/ashalen/mearm_ros2_ws/build/mearm_launch': CMAKE_PREFIX_PATH=/home/ashalen/mearm_model_ws/install:/opt/ros/humble: /usr/bin/cmake --install /home/ashalen/mearm_ros2_ws/build/mearm_launch
[1.227s] Level 1:colcon.colcon_core.environment:create_environment_scripts_only(mearm_launch)
[1.227s] Level 1:colcon.colcon_core.environment:checking '/home/ashalen/mearm_ros2_ws/install/mearm_launch' for CMake module files
[1.227s] DEBUG:colcon.colcon_core.event_handler.log_command:Invoked command in '/home/ashalen/mearm_ros2_ws/build/mearm_launch' returned '0': CMAKE_PREFIX_PATH=/home/ashalen/mearm_model_ws/install:/opt/ros/humble: /usr/bin/cmake --install /home/ashalen/mearm_ros2_ws/build/mearm_launch
[1.228s] Level 1:colcon.colcon_core.environment:checking '/home/ashalen/mearm_ros2_ws/install/mearm_launch' for CMake config files
[1.228s] Level 1:colcon.colcon_core.shell:create_environment_hook('mearm_launch', 'cmake_prefix_path')
[1.228s] INFO:colcon.colcon_core.shell:Creating environment hook '/home/ashalen/mearm_ros2_ws/install/mearm_launch/share/mearm_launch/hook/cmake_prefix_path.ps1'
[1.229s] INFO:colcon.colcon_core.shell:Creating environment descriptor '/home/ashalen/mearm_ros2_ws/install/mearm_launch/share/mearm_launch/hook/cmake_prefix_path.dsv'
[1.229s] INFO:colcon.colcon_core.shell:Creating environment hook '/home/ashalen/mearm_ros2_ws/install/mearm_launch/share/mearm_launch/hook/cmake_prefix_path.sh'
[1.230s] Level 1:colcon.colcon_core.environment:checking '/home/ashalen/mearm_ros2_ws/install/mearm_launch/bin'
[1.230s] Level 1:colcon.colcon_core.environment:checking '/home/ashalen/mearm_ros2_ws/install/mearm_launch/lib/pkgconfig/mearm_launch.pc'
[1.231s] Level 1:colcon.colcon_core.environment:checking '/home/ashalen/mearm_ros2_ws/install/mearm_launch/lib/python3.10/site-packages'
[1.231s] Level 1:colcon.colcon_core.environment:checking '/home/ashalen/mearm_ros2_ws/install/mearm_launch/bin'
[1.231s] INFO:colcon.colcon_core.shell:Creating package script '/home/ashalen/mearm_ros2_ws/install/mearm_launch/share/mearm_launch/package.ps1'
[1.232s] INFO:colcon.colcon_core.shell:Creating package descriptor '/home/ashalen/mearm_ros2_ws/install/mearm_launch/share/mearm_launch/package.dsv'
[1.232s] INFO:colcon.colcon_core.shell:Creating package script '/home/ashalen/mearm_ros2_ws/install/mearm_launch/share/mearm_launch/package.sh'
[1.233s] INFO:colcon.colcon_core.shell:Creating package script '/home/ashalen/mearm_ros2_ws/install/mearm_launch/share/mearm_launch/package.bash'
[1.233s] INFO:colcon.colcon_core.shell:Creating package script '/home/ashalen/mearm_ros2_ws/install/mearm_launch/share/mearm_launch/package.zsh'
[1.233s] Level 1:colcon.colcon_core.environment:create_file_with_runtime_dependencies(/home/ashalen/mearm_ros2_ws/install/mearm_launch/share/colcon-core/packages/mearm_launch)
[1.234s] Level 1:colcon.colcon_core.environment:create_environment_scripts_only(mearm_launch)
[1.234s] Level 1:colcon.colcon_core.environment:checking '/home/ashalen/mearm_ros2_ws/install/mearm_launch' for CMake module files
[1.235s] Level 1:colcon.colcon_core.environment:checking '/home/ashalen/mearm_ros2_ws/install/mearm_launch' for CMake config files
[1.235s] Level 1:colcon.colcon_core.shell:create_environment_hook('mearm_launch', 'cmake_prefix_path')
[1.236s] INFO:colcon.colcon_core.shell:Creating environment hook '/home/ashalen/mearm_ros2_ws/install/mearm_launch/share/mearm_launch/hook/cmake_prefix_path.ps1'
[1.237s] INFO:colcon.colcon_core.shell:Creating environment descriptor '/home/ashalen/mearm_ros2_ws/install/mearm_launch/share/mearm_launch/hook/cmake_prefix_path.dsv'
[1.237s] INFO:colcon.colcon_core.shell:Creating environment hook '/home/ashalen/mearm_ros2_ws/install/mearm_launch/share/mearm_launch/hook/cmake_prefix_path.sh'
[1.238s] Level 1:colcon.colcon_core.environment:checking '/home/ashalen/mearm_ros2_ws/install/mearm_launch/bin'
[1.238s] Level 1:colcon.colcon_core.environment:checking '/home/ashalen/mearm_ros2_ws/install/mearm_launch/lib/pkgconfig/mearm_launch.pc'
[1.239s] Level 1:colcon.colcon_core.environment:checking '/home/ashalen/mearm_ros2_ws/install/mearm_launch/lib/python3.10/site-packages'
[1.239s] Level 1:colcon.colcon_core.environment:checking '/home/ashalen/mearm_ros2_ws/install/mearm_launch/bin'
[1.239s] INFO:colcon.colcon_core.shell:Creating package script '/home/ashalen/mearm_ros2_ws/install/mearm_launch/share/mearm_launch/package.ps1'
[1.240s] INFO:colcon.colcon_core.shell:Creating package descriptor '/home/ashalen/mearm_ros2_ws/install/mearm_launch/share/mearm_launch/package.dsv'
[1.241s] INFO:colcon.colcon_core.shell:Creating package script '/home/ashalen/mearm_ros2_ws/install/mearm_launch/share/mearm_launch/package.sh'
[1.242s] INFO:colcon.colcon_core.shell:Creating package script '/home/ashalen/mearm_ros2_ws/install/mearm_launch/share/mearm_launch/package.bash'
[1.242s] INFO:colcon.colcon_core.shell:Creating package script '/home/ashalen/mearm_ros2_ws/install/mearm_launch/share/mearm_launch/package.zsh'
[1.243s] Level 1:colcon.colcon_core.environment:create_file_with_runtime_dependencies(/home/ashalen/mearm_ros2_ws/install/mearm_launch/share/colcon-core/packages/mearm_launch)
[1.243s] DEBUG:colcon.colcon_parallel_executor.executor.parallel:closing loop
[1.244s] DEBUG:colcon.colcon_parallel_executor.executor.parallel:loop closed
[1.244s] DEBUG:colcon.colcon_parallel_executor.executor.parallel:run_until_complete finished with '0'
[1.245s] DEBUG:colcon.colcon_core.event_reactor:joining thread
[1.254s] INFO:colcon.colcon_core.plugin_system:Skipping extension 'colcon_notification.desktop_notification.terminal_notifier': Not used on non-Darwin systems
[1.254s] INFO:colcon.colcon_core.plugin_system:Skipping extension 'colcon_notification.desktop_notification.win32': Not used on non-Windows systems
[1.254s] INFO:colcon.colcon_notification.desktop_notification:Sending desktop notification using 'notify2'
[1.277s] DEBUG:colcon.colcon_core.event_reactor:joined thread
[1.277s] INFO:colcon.colcon_core.shell:Creating prefix script '/home/ashalen/mearm_ros2_ws/install/local_setup.ps1'
[1.279s] INFO:colcon.colcon_core.shell:Creating prefix util module '/home/ashalen/mearm_ros2_ws/install/_local_setup_util_ps1.py'
[1.281s] INFO:colcon.colcon_core.shell:Creating prefix chain script '/home/ashalen/mearm_ros2_ws/install/setup.ps1'
[1.283s] INFO:colcon.colcon_core.shell:Creating prefix script '/home/ashalen/mearm_ros2_ws/install/local_setup.sh'
[1.284s] INFO:colcon.colcon_core.shell:Creating prefix util module '/home/ashalen/mearm_ros2_ws/install/_local_setup_util_sh.py'
[1.286s] INFO:colcon.colcon_core.shell:Creating prefix chain script '/home/ashalen/mearm_ros2_ws/install/setup.sh'
[1.287s] INFO:colcon.colcon_core.shell:Creating prefix script '/home/ashalen/mearm_ros2_ws/install/local_setup.bash'
[1.289s] INFO:colcon.colcon_core.shell:Creating prefix chain script '/home/ashalen/mearm_ros2_ws/install/setup.bash'
[1.291s] INFO:colcon.colcon_core.shell:Creating prefix script '/home/ashalen/mearm_ros2_ws/install/local_setup.zsh'
[1.293s] INFO:colcon.colcon_core.shell:Creating prefix chain script '/home/ashalen/mearm_ros2_ws/install/setup.zsh'
