-- The C compiler identification is GNU 11.4.0
-- The CXX compiler identification is GNU 11.4.0
-- Detecting C compiler ABI info
-- Detecting C compiler ABI info - done
-- Check for working C compiler: /usr/bin/cc - skipped
-- Detecting C compile features
-- Detecting C compile features - done
-- Detecting CXX compiler ABI info
-- Detecting CXX compiler ABI info - done
-- Check for working CXX compiler: /usr/bin/c++ - skipped
-- Detecting CXX compile features
-- Detecting CXX compile features - done
-- Found ament_cmake: 1.3.11 (/opt/ros/humble/share/ament_cmake/cmake)
-- Found Python3: /usr/bin/python3 (found version "3.10.12") found components: Interpreter 
-- Override CMake install command with custom implementation using symlinks instead of copying resources
-- Found ament_lint_auto: 0.12.12 (/opt/ros/humble/share/ament_lint_auto/cmake)
-- Added test 'lint_cmake' to check CMake code style
-- Added test 'xmllint' to check XML markup files
-- Configuring done
-- Generating done
-- Build files have been written to: /home/ashalen/mearm_ros2_ws/build/mearm_launch
-- Install configuration: ""
-- Execute custom install script
-- Symlinking: /home/ashalen/mearm_ros2_ws/install/mearm_launch/share/ament_index/resource_index/package_run_dependencies/mearm_launch
-- Symlinking: /home/ashalen/mearm_ros2_ws/install/mearm_launch/share/ament_index/resource_index/parent_prefix_path/mearm_launch
-- Symlinking: /home/ashalen/mearm_ros2_ws/install/mearm_launch/share/mearm_launch/environment/ament_prefix_path.sh
-- Symlinking: /home/ashalen/mearm_ros2_ws/install/mearm_launch/share/mearm_launch/environment/ament_prefix_path.dsv
-- Symlinking: /home/ashalen/mearm_ros2_ws/install/mearm_launch/share/mearm_launch/environment/path.sh
-- Symlinking: /home/ashalen/mearm_ros2_ws/install/mearm_launch/share/mearm_launch/environment/path.dsv
-- Symlinking: /home/ashalen/mearm_ros2_ws/install/mearm_launch/share/mearm_launch/local_setup.bash
-- Symlinking: /home/ashalen/mearm_ros2_ws/install/mearm_launch/share/mearm_launch/local_setup.sh
-- Symlinking: /home/ashalen/mearm_ros2_ws/install/mearm_launch/share/mearm_launch/local_setup.zsh
-- Symlinking: /home/ashalen/mearm_ros2_ws/install/mearm_launch/share/mearm_launch/local_setup.dsv
-- Symlinking: /home/ashalen/mearm_ros2_ws/install/mearm_launch/share/mearm_launch/package.dsv
-- Symlinking: /home/ashalen/mearm_ros2_ws/install/mearm_launch/share/ament_index/resource_index/packages/mearm_launch
-- Symlinking: /home/ashalen/mearm_ros2_ws/install/mearm_launch/share/mearm_launch/cmake/mearm_launchConfig.cmake
-- Symlinking: /home/ashalen/mearm_ros2_ws/install/mearm_launch/share/mearm_launch/cmake/mearm_launchConfig-version.cmake
-- Symlinking: /home/ashalen/mearm_ros2_ws/install/mearm_launch/share/mearm_launch/package.xml
