[0.012s] Invoking command in '/home/ashalen/mearm_ros2_ws/build/mearm_launch': CMAKE_PREFIX_PATH=/home/ashalen/mearm_model_ws/install:/opt/ros/humble: /usr/bin/cmake /home/ashalen/mearm_ros2_ws/mearm_launch -DAMENT_CMAKE_SYMLINK_INSTALL=1 -DCMAKE_INSTALL_PREFIX=/home/ashalen/mearm_ros2_ws/install/mearm_launch
[0.079s] -- The C compiler identification is GNU 11.4.0
[0.139s] -- The CXX compiler identification is GNU 11.4.0
[0.148s] -- Detecting C compiler ABI info
[0.221s] -- Detecting C compiler ABI info - done
[0.231s] -- Check for working C compiler: /usr/bin/cc - skipped
[0.232s] -- Detecting C compile features
[0.232s] -- Detecting C compile features - done
[0.237s] -- Detecting CXX compiler ABI info
[0.312s] -- Detecting CXX compiler ABI info - done
[0.324s] -- Check for working CXX compiler: /usr/bin/c++ - skipped
[0.325s] -- Detecting CXX compile features
[0.326s] -- Detecting CXX compile features - done
[0.329s] -- Found ament_cmake: 1.3.11 (/opt/ros/humble/share/ament_cmake/cmake)
[0.485s] -- Found Python3: /usr/bin/python3 (found version "3.10.12") found components: Interpreter 
[0.551s] -- Override CMake install command with custom implementation using symlinks instead of copying resources
[0.573s] -- Found ament_lint_auto: 0.12.12 (/opt/ros/humble/share/ament_lint_auto/cmake)
[0.649s] -- Added test 'lint_cmake' to check CMake code style
[0.650s] -- Added test 'xmllint' to check XML markup files
[0.651s] -- Configuring done
[0.653s] -- Generating done
[0.655s] -- Build files have been written to: /home/ashalen/mearm_ros2_ws/build/mearm_launch
[0.658s] Invoked command in '/home/ashalen/mearm_ros2_ws/build/mearm_launch' returned '0': CMAKE_PREFIX_PATH=/home/ashalen/mearm_model_ws/install:/opt/ros/humble: /usr/bin/cmake /home/ashalen/mearm_ros2_ws/mearm_launch -DAMENT_CMAKE_SYMLINK_INSTALL=1 -DCMAKE_INSTALL_PREFIX=/home/ashalen/mearm_ros2_ws/install/mearm_launch
[0.660s] Invoking command in '/home/ashalen/mearm_ros2_ws/build/mearm_launch': CMAKE_PREFIX_PATH=/home/ashalen/mearm_model_ws/install:/opt/ros/humble: /usr/bin/cmake --build /home/ashalen/mearm_ros2_ws/build/mearm_launch -- -j8 -l8
[0.694s] Invoked command in '/home/ashalen/mearm_ros2_ws/build/mearm_launch' returned '0': CMAKE_PREFIX_PATH=/home/ashalen/mearm_model_ws/install:/opt/ros/humble: /usr/bin/cmake --build /home/ashalen/mearm_ros2_ws/build/mearm_launch -- -j8 -l8
[0.695s] Invoking command in '/home/ashalen/mearm_ros2_ws/build/mearm_launch': CMAKE_PREFIX_PATH=/home/ashalen/mearm_model_ws/install:/opt/ros/humble: /usr/bin/cmake --install /home/ashalen/mearm_ros2_ws/build/mearm_launch
[0.702s] -- Install configuration: ""
[0.703s] -- Execute custom install script
[0.703s] -- Symlinking: /home/ashalen/mearm_ros2_ws/install/mearm_launch/share/ament_index/resource_index/package_run_dependencies/mearm_launch
[0.713s] -- Symlinking: /home/ashalen/mearm_ros2_ws/install/mearm_launch/share/ament_index/resource_index/parent_prefix_path/mearm_launch
[0.724s] -- Symlinking: /home/ashalen/mearm_ros2_ws/install/mearm_launch/share/mearm_launch/environment/ament_prefix_path.sh
[0.734s] -- Symlinking: /home/ashalen/mearm_ros2_ws/install/mearm_launch/share/mearm_launch/environment/ament_prefix_path.dsv
[0.742s] -- Symlinking: /home/ashalen/mearm_ros2_ws/install/mearm_launch/share/mearm_launch/environment/path.sh
[0.751s] -- Symlinking: /home/ashalen/mearm_ros2_ws/install/mearm_launch/share/mearm_launch/environment/path.dsv
[0.760s] -- Symlinking: /home/ashalen/mearm_ros2_ws/install/mearm_launch/share/mearm_launch/local_setup.bash
[0.768s] -- Symlinking: /home/ashalen/mearm_ros2_ws/install/mearm_launch/share/mearm_launch/local_setup.sh
[0.777s] -- Symlinking: /home/ashalen/mearm_ros2_ws/install/mearm_launch/share/mearm_launch/local_setup.zsh
[0.786s] -- Symlinking: /home/ashalen/mearm_ros2_ws/install/mearm_launch/share/mearm_launch/local_setup.dsv
[0.795s] -- Symlinking: /home/ashalen/mearm_ros2_ws/install/mearm_launch/share/mearm_launch/package.dsv
[0.804s] -- Symlinking: /home/ashalen/mearm_ros2_ws/install/mearm_launch/share/ament_index/resource_index/packages/mearm_launch
[0.814s] -- Symlinking: /home/ashalen/mearm_ros2_ws/install/mearm_launch/share/mearm_launch/cmake/mearm_launchConfig.cmake
[0.826s] -- Symlinking: /home/ashalen/mearm_ros2_ws/install/mearm_launch/share/mearm_launch/cmake/mearm_launchConfig-version.cmake
[0.836s] -- Symlinking: /home/ashalen/mearm_ros2_ws/install/mearm_launch/share/mearm_launch/package.xml
[0.848s] Invoked command in '/home/ashalen/mearm_ros2_ws/build/mearm_launch' returned '0': CMAKE_PREFIX_PATH=/home/ashalen/mearm_model_ws/install:/opt/ros/humble: /usr/bin/cmake --install /home/ashalen/mearm_ros2_ws/build/mearm_launch
