[0.315s] DEBUG:colcon:Command line arguments: ['/usr/bin/colcon', 'build', '--symlink-install']
[0.316s] DEBUG:colcon:Parsed command line arguments: Namespace(log_base=None, log_level=None, verb_name='build', build_base='build', install_base='install', merge_install=False, symlink_install=True, test_result_base=None, continue_on_error=False, executor='parallel', parallel_workers=8, event_handlers=None, ignore_user_meta=False, metas=['./colcon.meta'], base_paths=['.'], packages_ignore=None, packages_ignore_regex=None, paths=None, packages_up_to=None, packages_up_to_regex=None, packages_above=None, packages_above_and_dependencies=None, packages_above_depth=None, packages_select_by_dep=None, packages_skip_by_dep=None, packages_skip_up_to=None, packages_select_build_failed=False, packages_skip_build_finished=False, packages_select_test_failures=False, packages_skip_test_passed=False, packages_select=None, packages_skip=None, packages_select_regex=None, packages_skip_regex=None, packages_start=None, packages_end=None, allow_overriding=[], cmake_args=None, cmake_target=None, cmake_target_skip_unavailable=False, cmake_clean_cache=False, cmake_clean_first=False, cmake_force_configure=False, ament_cmake_args=None, catkin_cmake_args=None, catkin_skip_building_tests=False, verb_parser=<colcon_defaults.argument_parser.defaults.DefaultArgumentsDecorator object at 0x76fcec11baf0>, verb_extension=<colcon_core.verb.build.BuildVerb object at 0x76fcec11b5e0>, main=<bound method BuildVerb.main of <colcon_core.verb.build.BuildVerb object at 0x76fcec11b5e0>>)
[4.402s] Level 1:colcon.colcon_core.package_discovery:discover_packages(colcon_meta) check parameters
[4.403s] Level 1:colcon.colcon_core.package_discovery:discover_packages(recursive) check parameters
[4.403s] Level 1:colcon.colcon_core.package_discovery:discover_packages(ignore) check parameters
[4.403s] Level 1:colcon.colcon_core.package_discovery:discover_packages(path) check parameters
[4.403s] Level 1:colcon.colcon_core.package_discovery:discover_packages(colcon_meta) discover
[4.403s] Level 1:colcon.colcon_core.package_discovery:discover_packages(recursive) discover
[4.403s] INFO:colcon.colcon_core.package_discovery:Crawling recursively for packages in '/home/ashalen/mearm_ros2_ws'
[4.403s] Level 1:colcon.colcon_core.package_identification:_identify(.) by extensions ['ignore', 'ignore_ament_install']
[4.404s] Level 1:colcon.colcon_core.package_identification:_identify(.) by extension 'ignore'
[4.404s] Level 1:colcon.colcon_core.package_identification:_identify(.) by extension 'ignore_ament_install'
[4.404s] Level 1:colcon.colcon_core.package_identification:_identify(.) by extensions ['colcon_pkg']
[4.404s] Level 1:colcon.colcon_core.package_identification:_identify(.) by extension 'colcon_pkg'
[4.404s] Level 1:colcon.colcon_core.package_identification:_identify(.) by extensions ['colcon_meta']
[4.404s] Level 1:colcon.colcon_core.package_identification:_identify(.) by extension 'colcon_meta'
[4.404s] Level 1:colcon.colcon_core.package_identification:_identify(.) by extensions ['ros']
[4.404s] Level 1:colcon.colcon_core.package_identification:_identify(.) by extension 'ros'
[4.477s] Level 1:colcon.colcon_core.package_identification:_identify(.) by extensions ['cmake', 'python']
[4.477s] Level 1:colcon.colcon_core.package_identification:_identify(.) by extension 'cmake'
[4.477s] Level 1:colcon.colcon_core.package_identification:_identify(.) by extension 'python'
[4.477s] Level 1:colcon.colcon_core.package_identification:_identify(.) by extensions ['python_setup_py']
[4.477s] Level 1:colcon.colcon_core.package_identification:_identify(.) by extension 'python_setup_py'
[4.477s] Level 1:colcon.colcon_core.package_identification:_identify(build) by extensions ['ignore', 'ignore_ament_install']
[4.478s] Level 1:colcon.colcon_core.package_identification:_identify(build) by extension 'ignore'
[4.478s] Level 1:colcon.colcon_core.package_identification:_identify(build) ignored
[4.478s] Level 1:colcon.colcon_core.package_identification:_identify(install) by extensions ['ignore', 'ignore_ament_install']
[4.478s] Level 1:colcon.colcon_core.package_identification:_identify(install) by extension 'ignore'
[4.478s] Level 1:colcon.colcon_core.package_identification:_identify(install) ignored
[4.479s] Level 1:colcon.colcon_core.package_identification:_identify(log) by extensions ['ignore', 'ignore_ament_install']
[4.479s] Level 1:colcon.colcon_core.package_identification:_identify(log) by extension 'ignore'
[4.479s] Level 1:colcon.colcon_core.package_identification:_identify(log) ignored
[4.479s] Level 1:colcon.colcon_core.package_identification:_identify(src) by extensions ['ignore', 'ignore_ament_install']
[4.479s] Level 1:colcon.colcon_core.package_identification:_identify(src) by extension 'ignore'
[4.480s] Level 1:colcon.colcon_core.package_identification:_identify(src) by extension 'ignore_ament_install'
[4.480s] Level 1:colcon.colcon_core.package_identification:_identify(src) by extensions ['colcon_pkg']
[4.480s] Level 1:colcon.colcon_core.package_identification:_identify(src) by extension 'colcon_pkg'
[4.480s] Level 1:colcon.colcon_core.package_identification:_identify(src) by extensions ['colcon_meta']
[4.480s] Level 1:colcon.colcon_core.package_identification:_identify(src) by extension 'colcon_meta'
[4.480s] Level 1:colcon.colcon_core.package_identification:_identify(src) by extensions ['ros']
[4.480s] Level 1:colcon.colcon_core.package_identification:_identify(src) by extension 'ros'
[4.480s] Level 1:colcon.colcon_core.package_identification:_identify(src) by extensions ['cmake', 'python']
[4.480s] Level 1:colcon.colcon_core.package_identification:_identify(src) by extension 'cmake'
[4.480s] Level 1:colcon.colcon_core.package_identification:_identify(src) by extension 'python'
[4.480s] Level 1:colcon.colcon_core.package_identification:_identify(src) by extensions ['python_setup_py']
[4.481s] Level 1:colcon.colcon_core.package_identification:_identify(src) by extension 'python_setup_py'
[4.481s] Level 1:colcon.colcon_core.package_identification:_identify(src/mearm_model) by extensions ['ignore', 'ignore_ament_install']
[4.481s] Level 1:colcon.colcon_core.package_identification:_identify(src/mearm_model) by extension 'ignore'
[4.481s] Level 1:colcon.colcon_core.package_identification:_identify(src/mearm_model) by extension 'ignore_ament_install'
[4.481s] Level 1:colcon.colcon_core.package_identification:_identify(src/mearm_model) by extensions ['colcon_pkg']
[4.481s] Level 1:colcon.colcon_core.package_identification:_identify(src/mearm_model) by extension 'colcon_pkg'
[4.481s] Level 1:colcon.colcon_core.package_identification:_identify(src/mearm_model) by extensions ['colcon_meta']
[4.481s] Level 1:colcon.colcon_core.package_identification:_identify(src/mearm_model) by extension 'colcon_meta'
[4.482s] Level 1:colcon.colcon_core.package_identification:_identify(src/mearm_model) by extensions ['ros']
[4.482s] Level 1:colcon.colcon_core.package_identification:_identify(src/mearm_model) by extension 'ros'
[4.512s] DEBUG:colcon.colcon_core.package_identification:Package 'src/mearm_model' with type 'ros.ament_cmake' and name 'mearm_model'
[4.513s] Level 1:colcon.colcon_core.package_discovery:discover_packages(recursive) using defaults
[4.513s] Level 1:colcon.colcon_core.package_discovery:discover_packages(ignore) discover
[4.513s] Level 1:colcon.colcon_core.package_discovery:discover_packages(ignore) using defaults
[4.513s] Level 1:colcon.colcon_core.package_discovery:discover_packages(path) discover
[4.513s] Level 1:colcon.colcon_core.package_discovery:discover_packages(path) using defaults
[4.759s] Level 1:colcon.colcon_core.package_discovery:discover_packages(prefix_path) check parameters
[4.759s] Level 1:colcon.colcon_core.package_discovery:discover_packages(prefix_path) discover
[4.764s] WARNING:colcon.colcon_ros.prefix_path.ament:The path '/home/ashalen/mearm_model_ws/install' in the environment variable AMENT_PREFIX_PATH doesn't exist
[4.767s] DEBUG:colcon.colcon_installed_package_information.package_discovery:Found 1 installed packages in /home/ashalen/mearm_ros2_ws/install
[4.770s] DEBUG:colcon.colcon_installed_package_information.package_discovery:Found 307 installed packages in /opt/ros/humble
[4.794s] Level 1:colcon.colcon_core.package_discovery:discover_packages(prefix_path) using defaults
[4.942s] Level 5:colcon.colcon_core.verb:set package 'mearm_model' build argument 'cmake_args' from command line to 'None'
[4.943s] Level 5:colcon.colcon_core.verb:set package 'mearm_model' build argument 'cmake_target' from command line to 'None'
[4.943s] Level 5:colcon.colcon_core.verb:set package 'mearm_model' build argument 'cmake_target_skip_unavailable' from command line to 'False'
[4.943s] Level 5:colcon.colcon_core.verb:set package 'mearm_model' build argument 'cmake_clean_cache' from command line to 'False'
[4.943s] Level 5:colcon.colcon_core.verb:set package 'mearm_model' build argument 'cmake_clean_first' from command line to 'False'
[4.943s] Level 5:colcon.colcon_core.verb:set package 'mearm_model' build argument 'cmake_force_configure' from command line to 'False'
[4.943s] Level 5:colcon.colcon_core.verb:set package 'mearm_model' build argument 'ament_cmake_args' from command line to 'None'
[4.943s] Level 5:colcon.colcon_core.verb:set package 'mearm_model' build argument 'catkin_cmake_args' from command line to 'None'
[4.943s] Level 5:colcon.colcon_core.verb:set package 'mearm_model' build argument 'catkin_skip_building_tests' from command line to 'False'
[4.943s] DEBUG:colcon.colcon_core.verb:Building package 'mearm_model' with the following arguments: {'ament_cmake_args': None, 'build_base': '/home/ashalen/mearm_ros2_ws/build/mearm_model', 'catkin_cmake_args': None, 'catkin_skip_building_tests': False, 'cmake_args': None, 'cmake_clean_cache': False, 'cmake_clean_first': False, 'cmake_force_configure': False, 'cmake_target': None, 'cmake_target_skip_unavailable': False, 'install_base': '/home/ashalen/mearm_ros2_ws/install/mearm_model', 'merge_install': False, 'path': '/home/ashalen/mearm_ros2_ws/src/mearm_model', 'symlink_install': True, 'test_result_base': None}
[4.943s] INFO:colcon.colcon_core.executor:Executing jobs using 'parallel' executor
[4.945s] DEBUG:colcon.colcon_parallel_executor.executor.parallel:run_until_complete
[4.946s] INFO:colcon.colcon_ros.task.ament_cmake.build:Building ROS package in '/home/ashalen/mearm_ros2_ws/src/mearm_model' with build type 'ament_cmake'
[4.946s] INFO:colcon.colcon_cmake.task.cmake.build:Building CMake package in '/home/ashalen/mearm_ros2_ws/src/mearm_model'
[4.955s] INFO:colcon.colcon_core.plugin_system:Skipping extension 'colcon_core.shell.bat': Not used on non-Windows systems
[4.956s] INFO:colcon.colcon_core.shell:Skip shell extension 'powershell' for command environment: Not usable outside of PowerShell
[4.956s] DEBUG:colcon.colcon_core.shell:Skip shell extension 'dsv' for command environment
[5.012s] DEBUG:colcon.colcon_core.event_handler.log_command:Invoking command in '/home/ashalen/mearm_ros2_ws/build/mearm_model': CMAKE_PREFIX_PATH=${CMAKE_PREFIX_PATH}:/opt/ros/humble:/home/ashalen/mearm_model_ws/install: /usr/bin/cmake --build /home/ashalen/mearm_ros2_ws/build/mearm_model -- -j8 -l8
[5.334s] DEBUG:colcon.colcon_core.event_handler.log_command:Invoked command in '/home/ashalen/mearm_ros2_ws/build/mearm_model' returned '0': CMAKE_PREFIX_PATH=${CMAKE_PREFIX_PATH}:/opt/ros/humble:/home/ashalen/mearm_model_ws/install: /usr/bin/cmake --build /home/ashalen/mearm_ros2_ws/build/mearm_model -- -j8 -l8
[5.393s] DEBUG:colcon.colcon_core.event_handler.log_command:Invoking command in '/home/ashalen/mearm_ros2_ws/build/mearm_model': CMAKE_PREFIX_PATH=${CMAKE_PREFIX_PATH}:/opt/ros/humble:/home/ashalen/mearm_model_ws/install: /usr/bin/cmake --install /home/ashalen/mearm_ros2_ws/build/mearm_model
[5.493s] Level 1:colcon.colcon_core.environment:create_environment_scripts_only(mearm_model)
[5.494s] DEBUG:colcon.colcon_core.event_handler.log_command:Invoked command in '/home/ashalen/mearm_ros2_ws/build/mearm_model' returned '0': CMAKE_PREFIX_PATH=${CMAKE_PREFIX_PATH}:/opt/ros/humble:/home/ashalen/mearm_model_ws/install: /usr/bin/cmake --install /home/ashalen/mearm_ros2_ws/build/mearm_model
[5.504s] Level 1:colcon.colcon_core.environment:checking '/home/ashalen/mearm_ros2_ws/install/mearm_model' for CMake module files
[5.505s] Level 1:colcon.colcon_core.environment:checking '/home/ashalen/mearm_ros2_ws/install/mearm_model' for CMake config files
[5.505s] Level 1:colcon.colcon_core.shell:create_environment_hook('mearm_model', 'cmake_prefix_path')
[5.506s] INFO:colcon.colcon_core.shell:Creating environment hook '/home/ashalen/mearm_ros2_ws/install/mearm_model/share/mearm_model/hook/cmake_prefix_path.ps1'
[5.526s] INFO:colcon.colcon_core.shell:Creating environment descriptor '/home/ashalen/mearm_ros2_ws/install/mearm_model/share/mearm_model/hook/cmake_prefix_path.dsv'
[5.528s] INFO:colcon.colcon_core.shell:Creating environment hook '/home/ashalen/mearm_ros2_ws/install/mearm_model/share/mearm_model/hook/cmake_prefix_path.sh'
[5.531s] Level 1:colcon.colcon_core.environment:checking '/home/ashalen/mearm_ros2_ws/install/mearm_model/bin'
[5.532s] Level 1:colcon.colcon_core.environment:checking '/home/ashalen/mearm_ros2_ws/install/mearm_model/lib/pkgconfig/mearm_model.pc'
[5.532s] Level 1:colcon.colcon_core.environment:checking '/home/ashalen/mearm_ros2_ws/install/mearm_model/lib/python3.10/site-packages'
[5.533s] Level 1:colcon.colcon_core.environment:checking '/home/ashalen/mearm_ros2_ws/install/mearm_model/bin'
[5.533s] INFO:colcon.colcon_core.shell:Creating package script '/home/ashalen/mearm_ros2_ws/install/mearm_model/share/mearm_model/package.ps1'
[5.536s] INFO:colcon.colcon_core.shell:Creating package descriptor '/home/ashalen/mearm_ros2_ws/install/mearm_model/share/mearm_model/package.dsv'
[5.537s] INFO:colcon.colcon_core.shell:Creating package script '/home/ashalen/mearm_ros2_ws/install/mearm_model/share/mearm_model/package.sh'
[5.540s] INFO:colcon.colcon_core.shell:Creating package script '/home/ashalen/mearm_ros2_ws/install/mearm_model/share/mearm_model/package.bash'
[5.560s] INFO:colcon.colcon_core.shell:Creating package script '/home/ashalen/mearm_ros2_ws/install/mearm_model/share/mearm_model/package.zsh'
[5.578s] Level 1:colcon.colcon_core.environment:create_file_with_runtime_dependencies(/home/ashalen/mearm_ros2_ws/install/mearm_model/share/colcon-core/packages/mearm_model)
[5.579s] Level 1:colcon.colcon_core.environment:create_environment_scripts_only(mearm_model)
[5.580s] Level 1:colcon.colcon_core.environment:checking '/home/ashalen/mearm_ros2_ws/install/mearm_model' for CMake module files
[5.581s] Level 1:colcon.colcon_core.environment:checking '/home/ashalen/mearm_ros2_ws/install/mearm_model' for CMake config files
[5.581s] Level 1:colcon.colcon_core.shell:create_environment_hook('mearm_model', 'cmake_prefix_path')
[5.582s] INFO:colcon.colcon_core.shell:Creating environment hook '/home/ashalen/mearm_ros2_ws/install/mearm_model/share/mearm_model/hook/cmake_prefix_path.ps1'
[5.583s] INFO:colcon.colcon_core.shell:Creating environment descriptor '/home/ashalen/mearm_ros2_ws/install/mearm_model/share/mearm_model/hook/cmake_prefix_path.dsv'
[5.583s] INFO:colcon.colcon_core.shell:Creating environment hook '/home/ashalen/mearm_ros2_ws/install/mearm_model/share/mearm_model/hook/cmake_prefix_path.sh'
[5.585s] Level 1:colcon.colcon_core.environment:checking '/home/ashalen/mearm_ros2_ws/install/mearm_model/bin'
[5.585s] Level 1:colcon.colcon_core.environment:checking '/home/ashalen/mearm_ros2_ws/install/mearm_model/lib/pkgconfig/mearm_model.pc'
[5.586s] Level 1:colcon.colcon_core.environment:checking '/home/ashalen/mearm_ros2_ws/install/mearm_model/lib/python3.10/site-packages'
[5.586s] Level 1:colcon.colcon_core.environment:checking '/home/ashalen/mearm_ros2_ws/install/mearm_model/bin'
[5.587s] INFO:colcon.colcon_core.shell:Creating package script '/home/ashalen/mearm_ros2_ws/install/mearm_model/share/mearm_model/package.ps1'
[5.589s] INFO:colcon.colcon_core.shell:Creating package descriptor '/home/ashalen/mearm_ros2_ws/install/mearm_model/share/mearm_model/package.dsv'
[5.590s] INFO:colcon.colcon_core.shell:Creating package script '/home/ashalen/mearm_ros2_ws/install/mearm_model/share/mearm_model/package.sh'
[5.591s] INFO:colcon.colcon_core.shell:Creating package script '/home/ashalen/mearm_ros2_ws/install/mearm_model/share/mearm_model/package.bash'
[5.592s] INFO:colcon.colcon_core.shell:Creating package script '/home/ashalen/mearm_ros2_ws/install/mearm_model/share/mearm_model/package.zsh'
[5.593s] Level 1:colcon.colcon_core.environment:create_file_with_runtime_dependencies(/home/ashalen/mearm_ros2_ws/install/mearm_model/share/colcon-core/packages/mearm_model)
[5.593s] DEBUG:colcon.colcon_parallel_executor.executor.parallel:closing loop
[5.594s] DEBUG:colcon.colcon_parallel_executor.executor.parallel:loop closed
[5.594s] DEBUG:colcon.colcon_parallel_executor.executor.parallel:run_until_complete finished with '0'
[5.594s] DEBUG:colcon.colcon_core.event_reactor:joining thread
[5.607s] INFO:colcon.colcon_core.plugin_system:Skipping extension 'colcon_notification.desktop_notification.terminal_notifier': Not used on non-Darwin systems
[5.608s] INFO:colcon.colcon_core.plugin_system:Skipping extension 'colcon_notification.desktop_notification.win32': Not used on non-Windows systems
[5.608s] INFO:colcon.colcon_notification.desktop_notification:Sending desktop notification using 'notify2'
[5.637s] DEBUG:colcon.colcon_core.event_reactor:joined thread
[5.638s] INFO:colcon.colcon_core.shell:Creating prefix script '/home/ashalen/mearm_ros2_ws/install/local_setup.ps1'
[5.655s] INFO:colcon.colcon_core.shell:Creating prefix util module '/home/ashalen/mearm_ros2_ws/install/_local_setup_util_ps1.py'
[5.674s] INFO:colcon.colcon_core.shell:Creating prefix chain script '/home/ashalen/mearm_ros2_ws/install/setup.ps1'
[5.678s] INFO:colcon.colcon_core.shell:Creating prefix script '/home/ashalen/mearm_ros2_ws/install/local_setup.sh'
[5.681s] INFO:colcon.colcon_core.shell:Creating prefix util module '/home/ashalen/mearm_ros2_ws/install/_local_setup_util_sh.py'
[5.682s] INFO:colcon.colcon_core.shell:Creating prefix chain script '/home/ashalen/mearm_ros2_ws/install/setup.sh'
[5.686s] INFO:colcon.colcon_core.shell:Creating prefix script '/home/ashalen/mearm_ros2_ws/install/local_setup.bash'
[5.687s] INFO:colcon.colcon_core.shell:Creating prefix chain script '/home/ashalen/mearm_ros2_ws/install/setup.bash'
[5.691s] INFO:colcon.colcon_core.shell:Creating prefix script '/home/ashalen/mearm_ros2_ws/install/local_setup.zsh'
[5.693s] INFO:colcon.colcon_core.shell:Creating prefix chain script '/home/ashalen/mearm_ros2_ws/install/setup.zsh'
