[0.118s] DEBUG:colcon:Command line arguments: ['/usr/bin/colcon', 'build', '--symlink-install']
[0.118s] DEBUG:colcon:Parsed command line arguments: Namespace(log_base=None, log_level=None, verb_name='build', build_base='build', install_base='install', merge_install=False, symlink_install=True, test_result_base=None, continue_on_error=False, executor='parallel', parallel_workers=8, event_handlers=None, ignore_user_meta=False, metas=['./colcon.meta'], base_paths=['.'], packages_ignore=None, packages_ignore_regex=None, paths=None, packages_up_to=None, packages_up_to_regex=None, packages_above=None, packages_above_and_dependencies=None, packages_above_depth=None, packages_select_by_dep=None, packages_skip_by_dep=None, packages_skip_up_to=None, packages_select_build_failed=False, packages_skip_build_finished=False, packages_select_test_failures=False, packages_skip_test_passed=False, packages_select=None, packages_skip=None, packages_select_regex=None, packages_skip_regex=None, packages_start=None, packages_end=None, allow_overriding=[], cmake_args=None, cmake_target=None, cmake_target_skip_unavailable=False, cmake_clean_cache=False, cmake_clean_first=False, cmake_force_configure=False, ament_cmake_args=None, catkin_cmake_args=None, catkin_skip_building_tests=False, verb_parser=<colcon_defaults.argument_parser.defaults.DefaultArgumentsDecorator object at 0x7fefd3e23be0>, verb_extension=<colcon_core.verb.build.BuildVerb object at 0x7fefd3e236d0>, main=<bound method BuildVerb.main of <colcon_core.verb.build.BuildVerb object at 0x7fefd3e236d0>>)
[0.279s] Level 1:colcon.colcon_core.package_discovery:discover_packages(colcon_meta) check parameters
[0.280s] Level 1:colcon.colcon_core.package_discovery:discover_packages(recursive) check parameters
[0.280s] Level 1:colcon.colcon_core.package_discovery:discover_packages(ignore) check parameters
[0.280s] Level 1:colcon.colcon_core.package_discovery:discover_packages(path) check parameters
[0.280s] Level 1:colcon.colcon_core.package_discovery:discover_packages(colcon_meta) discover
[0.280s] Level 1:colcon.colcon_core.package_discovery:discover_packages(recursive) discover
[0.280s] INFO:colcon.colcon_core.package_discovery:Crawling recursively for packages in '/home/ashalen/mearm_ros2_ws'
[0.280s] Level 1:colcon.colcon_core.package_identification:_identify(.) by extensions ['ignore', 'ignore_ament_install']
[0.280s] Level 1:colcon.colcon_core.package_identification:_identify(.) by extension 'ignore'
[0.280s] Level 1:colcon.colcon_core.package_identification:_identify(.) by extension 'ignore_ament_install'
[0.280s] Level 1:colcon.colcon_core.package_identification:_identify(.) by extensions ['colcon_pkg']
[0.280s] Level 1:colcon.colcon_core.package_identification:_identify(.) by extension 'colcon_pkg'
[0.280s] Level 1:colcon.colcon_core.package_identification:_identify(.) by extensions ['colcon_meta']
[0.281s] Level 1:colcon.colcon_core.package_identification:_identify(.) by extension 'colcon_meta'
[0.281s] Level 1:colcon.colcon_core.package_identification:_identify(.) by extensions ['ros']
[0.281s] Level 1:colcon.colcon_core.package_identification:_identify(.) by extension 'ros'
[0.292s] Level 1:colcon.colcon_core.package_identification:_identify(.) by extensions ['cmake', 'python']
[0.292s] Level 1:colcon.colcon_core.package_identification:_identify(.) by extension 'cmake'
[0.292s] Level 1:colcon.colcon_core.package_identification:_identify(.) by extension 'python'
[0.293s] Level 1:colcon.colcon_core.package_identification:_identify(.) by extensions ['python_setup_py']
[0.293s] Level 1:colcon.colcon_core.package_identification:_identify(.) by extension 'python_setup_py'
[0.293s] Level 1:colcon.colcon_core.package_identification:_identify(build) by extensions ['ignore', 'ignore_ament_install']
[0.293s] Level 1:colcon.colcon_core.package_identification:_identify(build) by extension 'ignore'
[0.293s] Level 1:colcon.colcon_core.package_identification:_identify(build) ignored
[0.293s] Level 1:colcon.colcon_core.package_identification:_identify(install) by extensions ['ignore', 'ignore_ament_install']
[0.293s] Level 1:colcon.colcon_core.package_identification:_identify(install) by extension 'ignore'
[0.293s] Level 1:colcon.colcon_core.package_identification:_identify(install) ignored
[0.293s] Level 1:colcon.colcon_core.package_identification:_identify(log) by extensions ['ignore', 'ignore_ament_install']
[0.293s] Level 1:colcon.colcon_core.package_identification:_identify(log) by extension 'ignore'
[0.293s] Level 1:colcon.colcon_core.package_identification:_identify(log) ignored
[0.293s] Level 1:colcon.colcon_core.package_identification:_identify(src) by extensions ['ignore', 'ignore_ament_install']
[0.293s] Level 1:colcon.colcon_core.package_identification:_identify(src) by extension 'ignore'
[0.293s] Level 1:colcon.colcon_core.package_identification:_identify(src) by extension 'ignore_ament_install'
[0.293s] Level 1:colcon.colcon_core.package_identification:_identify(src) by extensions ['colcon_pkg']
[0.294s] Level 1:colcon.colcon_core.package_identification:_identify(src) by extension 'colcon_pkg'
[0.294s] Level 1:colcon.colcon_core.package_identification:_identify(src) by extensions ['colcon_meta']
[0.294s] Level 1:colcon.colcon_core.package_identification:_identify(src) by extension 'colcon_meta'
[0.294s] Level 1:colcon.colcon_core.package_identification:_identify(src) by extensions ['ros']
[0.294s] Level 1:colcon.colcon_core.package_identification:_identify(src) by extension 'ros'
[0.294s] Level 1:colcon.colcon_core.package_identification:_identify(src) by extensions ['cmake', 'python']
[0.294s] Level 1:colcon.colcon_core.package_identification:_identify(src) by extension 'cmake'
[0.294s] Level 1:colcon.colcon_core.package_identification:_identify(src) by extension 'python'
[0.294s] Level 1:colcon.colcon_core.package_identification:_identify(src) by extensions ['python_setup_py']
[0.294s] Level 1:colcon.colcon_core.package_identification:_identify(src) by extension 'python_setup_py'
[0.294s] Level 1:colcon.colcon_core.package_identification:_identify(src/mearm_model) by extensions ['ignore', 'ignore_ament_install']
[0.294s] Level 1:colcon.colcon_core.package_identification:_identify(src/mearm_model) by extension 'ignore'
[0.294s] Level 1:colcon.colcon_core.package_identification:_identify(src/mearm_model) by extension 'ignore_ament_install'
[0.294s] Level 1:colcon.colcon_core.package_identification:_identify(src/mearm_model) by extensions ['colcon_pkg']
[0.294s] Level 1:colcon.colcon_core.package_identification:_identify(src/mearm_model) by extension 'colcon_pkg'
[0.294s] Level 1:colcon.colcon_core.package_identification:_identify(src/mearm_model) by extensions ['colcon_meta']
[0.294s] Level 1:colcon.colcon_core.package_identification:_identify(src/mearm_model) by extension 'colcon_meta'
[0.294s] Level 1:colcon.colcon_core.package_identification:_identify(src/mearm_model) by extensions ['ros']
[0.294s] Level 1:colcon.colcon_core.package_identification:_identify(src/mearm_model) by extension 'ros'
[0.298s] DEBUG:colcon.colcon_core.package_identification:Package 'src/mearm_model' with type 'ros.ament_cmake' and name 'mearm_model'
[0.298s] Level 1:colcon.colcon_core.package_discovery:discover_packages(recursive) using defaults
[0.298s] Level 1:colcon.colcon_core.package_discovery:discover_packages(ignore) discover
[0.298s] Level 1:colcon.colcon_core.package_discovery:discover_packages(ignore) using defaults
[0.298s] Level 1:colcon.colcon_core.package_discovery:discover_packages(path) discover
[0.298s] Level 1:colcon.colcon_core.package_discovery:discover_packages(path) using defaults
[0.318s] Level 1:colcon.colcon_core.package_discovery:discover_packages(prefix_path) check parameters
[0.318s] Level 1:colcon.colcon_core.package_discovery:discover_packages(prefix_path) discover
[0.318s] WARNING:colcon.colcon_core.prefix_path.colcon:The path '/home/ashalen/mearm_ws/install' in the environment variable COLCON_PREFIX_PATH doesn't exist
[0.319s] WARNING:colcon.colcon_core.prefix_path.colcon:The path '/home/ashalen/mearm_model_ws/install' in the environment variable COLCON_PREFIX_PATH doesn't exist
[0.319s] WARNING:colcon.colcon_ros.prefix_path.ament:The path '/home/ashalen/mearm_model_ws/install' in the environment variable AMENT_PREFIX_PATH doesn't exist
[0.319s] DEBUG:colcon.colcon_installed_package_information.package_discovery:Found 1 installed packages in /home/ashalen/mearm_ros2_ws/install
[0.321s] DEBUG:colcon.colcon_installed_package_information.package_discovery:Found 307 installed packages in /opt/ros/humble
[0.336s] Level 1:colcon.colcon_core.package_discovery:discover_packages(prefix_path) using defaults
[0.375s] Level 5:colcon.colcon_core.verb:set package 'mearm_model' build argument 'cmake_args' from command line to 'None'
[0.375s] Level 5:colcon.colcon_core.verb:set package 'mearm_model' build argument 'cmake_target' from command line to 'None'
[0.375s] Level 5:colcon.colcon_core.verb:set package 'mearm_model' build argument 'cmake_target_skip_unavailable' from command line to 'False'
[0.375s] Level 5:colcon.colcon_core.verb:set package 'mearm_model' build argument 'cmake_clean_cache' from command line to 'False'
[0.375s] Level 5:colcon.colcon_core.verb:set package 'mearm_model' build argument 'cmake_clean_first' from command line to 'False'
[0.375s] Level 5:colcon.colcon_core.verb:set package 'mearm_model' build argument 'cmake_force_configure' from command line to 'False'
[0.375s] Level 5:colcon.colcon_core.verb:set package 'mearm_model' build argument 'ament_cmake_args' from command line to 'None'
[0.375s] Level 5:colcon.colcon_core.verb:set package 'mearm_model' build argument 'catkin_cmake_args' from command line to 'None'
[0.375s] Level 5:colcon.colcon_core.verb:set package 'mearm_model' build argument 'catkin_skip_building_tests' from command line to 'False'
[0.375s] DEBUG:colcon.colcon_core.verb:Building package 'mearm_model' with the following arguments: {'ament_cmake_args': None, 'build_base': '/home/ashalen/mearm_ros2_ws/build/mearm_model', 'catkin_cmake_args': None, 'catkin_skip_building_tests': False, 'cmake_args': None, 'cmake_clean_cache': False, 'cmake_clean_first': False, 'cmake_force_configure': False, 'cmake_target': None, 'cmake_target_skip_unavailable': False, 'install_base': '/home/ashalen/mearm_ros2_ws/install/mearm_model', 'merge_install': False, 'path': '/home/ashalen/mearm_ros2_ws/src/mearm_model', 'symlink_install': True, 'test_result_base': None}
[0.376s] INFO:colcon.colcon_core.executor:Executing jobs using 'parallel' executor
[0.377s] DEBUG:colcon.colcon_parallel_executor.executor.parallel:run_until_complete
[0.377s] INFO:colcon.colcon_ros.task.ament_cmake.build:Building ROS package in '/home/ashalen/mearm_ros2_ws/src/mearm_model' with build type 'ament_cmake'
[0.377s] INFO:colcon.colcon_cmake.task.cmake.build:Building CMake package in '/home/ashalen/mearm_ros2_ws/src/mearm_model'
[0.380s] INFO:colcon.colcon_core.plugin_system:Skipping extension 'colcon_core.shell.bat': Not used on non-Windows systems
[0.380s] INFO:colcon.colcon_core.shell:Skip shell extension 'powershell' for command environment: Not usable outside of PowerShell
[0.380s] DEBUG:colcon.colcon_core.shell:Skip shell extension 'dsv' for command environment
[0.390s] DEBUG:colcon.colcon_core.event_handler.log_command:Invoking command in '/home/ashalen/mearm_ros2_ws/build/mearm_model': CMAKE_PREFIX_PATH=${CMAKE_PREFIX_PATH}:/home/ashalen/mearm_model_ws/install:/opt/ros/humble /usr/bin/cmake --build /home/ashalen/mearm_ros2_ws/build/mearm_model -- -j8 -l8
[0.781s] DEBUG:colcon.colcon_core.event_handler.log_command:Invoked command in '/home/ashalen/mearm_ros2_ws/build/mearm_model' returned '0': CMAKE_PREFIX_PATH=${CMAKE_PREFIX_PATH}:/home/ashalen/mearm_model_ws/install:/opt/ros/humble /usr/bin/cmake --build /home/ashalen/mearm_ros2_ws/build/mearm_model -- -j8 -l8
[0.792s] DEBUG:colcon.colcon_core.event_handler.log_command:Invoking command in '/home/ashalen/mearm_ros2_ws/build/mearm_model': CMAKE_PREFIX_PATH=${CMAKE_PREFIX_PATH}:/home/ashalen/mearm_model_ws/install:/opt/ros/humble /usr/bin/cmake --install /home/ashalen/mearm_ros2_ws/build/mearm_model
[0.823s] Level 1:colcon.colcon_core.environment:create_environment_scripts_only(mearm_model)
[0.823s] DEBUG:colcon.colcon_core.event_handler.log_command:Invoked command in '/home/ashalen/mearm_ros2_ws/build/mearm_model' returned '0': CMAKE_PREFIX_PATH=${CMAKE_PREFIX_PATH}:/home/ashalen/mearm_model_ws/install:/opt/ros/humble /usr/bin/cmake --install /home/ashalen/mearm_ros2_ws/build/mearm_model
[0.825s] Level 1:colcon.colcon_core.environment:checking '/home/ashalen/mearm_ros2_ws/install/mearm_model' for CMake module files
[0.825s] Level 1:colcon.colcon_core.environment:checking '/home/ashalen/mearm_ros2_ws/install/mearm_model' for CMake config files
[0.825s] Level 1:colcon.colcon_core.shell:create_environment_hook('mearm_model', 'cmake_prefix_path')
[0.826s] INFO:colcon.colcon_core.shell:Creating environment hook '/home/ashalen/mearm_ros2_ws/install/mearm_model/share/mearm_model/hook/cmake_prefix_path.ps1'
[0.826s] INFO:colcon.colcon_core.shell:Creating environment descriptor '/home/ashalen/mearm_ros2_ws/install/mearm_model/share/mearm_model/hook/cmake_prefix_path.dsv'
[0.827s] INFO:colcon.colcon_core.shell:Creating environment hook '/home/ashalen/mearm_ros2_ws/install/mearm_model/share/mearm_model/hook/cmake_prefix_path.sh'
[0.828s] Level 1:colcon.colcon_core.environment:checking '/home/ashalen/mearm_ros2_ws/install/mearm_model/bin'
[0.828s] Level 1:colcon.colcon_core.environment:checking '/home/ashalen/mearm_ros2_ws/install/mearm_model/lib/pkgconfig/mearm_model.pc'
[0.828s] Level 1:colcon.colcon_core.environment:checking '/home/ashalen/mearm_ros2_ws/install/mearm_model/lib/python3.10/site-packages'
[0.828s] Level 1:colcon.colcon_core.environment:checking '/home/ashalen/mearm_ros2_ws/install/mearm_model/bin'
[0.829s] INFO:colcon.colcon_core.shell:Creating package script '/home/ashalen/mearm_ros2_ws/install/mearm_model/share/mearm_model/package.ps1'
[0.829s] INFO:colcon.colcon_core.shell:Creating package descriptor '/home/ashalen/mearm_ros2_ws/install/mearm_model/share/mearm_model/package.dsv'
[0.830s] INFO:colcon.colcon_core.shell:Creating package script '/home/ashalen/mearm_ros2_ws/install/mearm_model/share/mearm_model/package.sh'
[0.830s] INFO:colcon.colcon_core.shell:Creating package script '/home/ashalen/mearm_ros2_ws/install/mearm_model/share/mearm_model/package.bash'
[0.831s] INFO:colcon.colcon_core.shell:Creating package script '/home/ashalen/mearm_ros2_ws/install/mearm_model/share/mearm_model/package.zsh'
[0.863s] Level 1:colcon.colcon_core.environment:create_file_with_runtime_dependencies(/home/ashalen/mearm_ros2_ws/install/mearm_model/share/colcon-core/packages/mearm_model)
[0.864s] Level 1:colcon.colcon_core.environment:create_environment_scripts_only(mearm_model)
[0.864s] Level 1:colcon.colcon_core.environment:checking '/home/ashalen/mearm_ros2_ws/install/mearm_model' for CMake module files
[0.864s] Level 1:colcon.colcon_core.environment:checking '/home/ashalen/mearm_ros2_ws/install/mearm_model' for CMake config files
[0.864s] Level 1:colcon.colcon_core.shell:create_environment_hook('mearm_model', 'cmake_prefix_path')
[0.864s] INFO:colcon.colcon_core.shell:Creating environment hook '/home/ashalen/mearm_ros2_ws/install/mearm_model/share/mearm_model/hook/cmake_prefix_path.ps1'
[0.865s] INFO:colcon.colcon_core.shell:Creating environment descriptor '/home/ashalen/mearm_ros2_ws/install/mearm_model/share/mearm_model/hook/cmake_prefix_path.dsv'
[0.865s] INFO:colcon.colcon_core.shell:Creating environment hook '/home/ashalen/mearm_ros2_ws/install/mearm_model/share/mearm_model/hook/cmake_prefix_path.sh'
[0.865s] Level 1:colcon.colcon_core.environment:checking '/home/ashalen/mearm_ros2_ws/install/mearm_model/bin'
[0.866s] Level 1:colcon.colcon_core.environment:checking '/home/ashalen/mearm_ros2_ws/install/mearm_model/lib/pkgconfig/mearm_model.pc'
[0.866s] Level 1:colcon.colcon_core.environment:checking '/home/ashalen/mearm_ros2_ws/install/mearm_model/lib/python3.10/site-packages'
[0.866s] Level 1:colcon.colcon_core.environment:checking '/home/ashalen/mearm_ros2_ws/install/mearm_model/bin'
[0.866s] INFO:colcon.colcon_core.shell:Creating package script '/home/ashalen/mearm_ros2_ws/install/mearm_model/share/mearm_model/package.ps1'
[0.867s] INFO:colcon.colcon_core.shell:Creating package descriptor '/home/ashalen/mearm_ros2_ws/install/mearm_model/share/mearm_model/package.dsv'
[0.867s] INFO:colcon.colcon_core.shell:Creating package script '/home/ashalen/mearm_ros2_ws/install/mearm_model/share/mearm_model/package.sh'
[0.867s] INFO:colcon.colcon_core.shell:Creating package script '/home/ashalen/mearm_ros2_ws/install/mearm_model/share/mearm_model/package.bash'
[0.868s] INFO:colcon.colcon_core.shell:Creating package script '/home/ashalen/mearm_ros2_ws/install/mearm_model/share/mearm_model/package.zsh'
[0.869s] Level 1:colcon.colcon_core.environment:create_file_with_runtime_dependencies(/home/ashalen/mearm_ros2_ws/install/mearm_model/share/colcon-core/packages/mearm_model)
[0.869s] DEBUG:colcon.colcon_parallel_executor.executor.parallel:closing loop
[0.869s] DEBUG:colcon.colcon_parallel_executor.executor.parallel:loop closed
[0.869s] DEBUG:colcon.colcon_parallel_executor.executor.parallel:run_until_complete finished with '0'
[0.869s] DEBUG:colcon.colcon_core.event_reactor:joining thread
[0.873s] INFO:colcon.colcon_core.plugin_system:Skipping extension 'colcon_notification.desktop_notification.terminal_notifier': Not used on non-Darwin systems
[0.873s] INFO:colcon.colcon_core.plugin_system:Skipping extension 'colcon_notification.desktop_notification.win32': Not used on non-Windows systems
[0.873s] INFO:colcon.colcon_notification.desktop_notification:Sending desktop notification using 'notify2'
[0.887s] DEBUG:colcon.colcon_core.event_reactor:joined thread
[0.888s] INFO:colcon.colcon_core.shell:Creating prefix script '/home/ashalen/mearm_ros2_ws/install/local_setup.ps1'
[0.889s] INFO:colcon.colcon_core.shell:Creating prefix util module '/home/ashalen/mearm_ros2_ws/install/_local_setup_util_ps1.py'
[0.890s] INFO:colcon.colcon_core.shell:Creating prefix chain script '/home/ashalen/mearm_ros2_ws/install/setup.ps1'
[0.891s] INFO:colcon.colcon_core.shell:Creating prefix script '/home/ashalen/mearm_ros2_ws/install/local_setup.sh'
[0.891s] INFO:colcon.colcon_core.shell:Creating prefix util module '/home/ashalen/mearm_ros2_ws/install/_local_setup_util_sh.py'
[0.892s] INFO:colcon.colcon_core.shell:Creating prefix chain script '/home/ashalen/mearm_ros2_ws/install/setup.sh'
[0.893s] INFO:colcon.colcon_core.shell:Creating prefix script '/home/ashalen/mearm_ros2_ws/install/local_setup.bash'
[0.893s] INFO:colcon.colcon_core.shell:Creating prefix chain script '/home/ashalen/mearm_ros2_ws/install/setup.bash'
[0.896s] INFO:colcon.colcon_core.shell:Creating prefix script '/home/ashalen/mearm_ros2_ws/install/local_setup.zsh'
[0.897s] INFO:colcon.colcon_core.shell:Creating prefix chain script '/home/ashalen/mearm_ros2_ws/install/setup.zsh'
