-- Found ament_cmake: 1.3.11 (/opt/ros/humble/share/ament_cmake/cmake)
-- Override CMake install command with custom implementation using symlinks instead of copying resources
-- Found ament_lint_auto: 0.12.12 (/opt/ros/humble/share/ament_lint_auto/cmake)
-- Added test 'lint_cmake' to check CMake code style
-- Added test 'xmllint' to check XML markup files
-- Configuring done
-- Generating done
-- Build files have been written to: /home/ashalen/mearm_ros2_ws/build/mearm_launch
-- Install configuration: ""
-- Execute custom install script
-- Up-to-date symlink: /home/ashalen/mearm_ros2_ws/install/mearm_launch/share/ament_index/resource_index/package_run_dependencies/mearm_launch
-- Up-to-date symlink: /home/ashalen/mearm_ros2_ws/install/mearm_launch/share/ament_index/resource_index/parent_prefix_path/mearm_launch
-- Up-to-date symlink: /home/ashalen/mearm_ros2_ws/install/mearm_launch/share/mearm_launch/environment/ament_prefix_path.sh
-- Up-to-date symlink: /home/ashalen/mearm_ros2_ws/install/mearm_launch/share/mearm_launch/environment/ament_prefix_path.dsv
-- Up-to-date symlink: /home/ashalen/mearm_ros2_ws/install/mearm_launch/share/mearm_launch/environment/path.sh
-- Up-to-date symlink: /home/ashalen/mearm_ros2_ws/install/mearm_launch/share/mearm_launch/environment/path.dsv
-- Up-to-date symlink: /home/ashalen/mearm_ros2_ws/install/mearm_launch/share/mearm_launch/local_setup.bash
-- Up-to-date symlink: /home/ashalen/mearm_ros2_ws/install/mearm_launch/share/mearm_launch/local_setup.sh
-- Up-to-date symlink: /home/ashalen/mearm_ros2_ws/install/mearm_launch/share/mearm_launch/local_setup.zsh
-- Up-to-date symlink: /home/ashalen/mearm_ros2_ws/install/mearm_launch/share/mearm_launch/local_setup.dsv
-- Symlinking: /home/ashalen/mearm_ros2_ws/install/mearm_launch/share/mearm_launch/package.dsv
-- Up-to-date symlink: /home/ashalen/mearm_ros2_ws/install/mearm_launch/share/ament_index/resource_index/packages/mearm_launch
-- Up-to-date symlink: /home/ashalen/mearm_ros2_ws/install/mearm_launch/share/mearm_launch/cmake/mearm_launchConfig.cmake
-- Up-to-date symlink: /home/ashalen/mearm_ros2_ws/install/mearm_launch/share/mearm_launch/cmake/mearm_launchConfig-version.cmake
-- Up-to-date symlink: /home/ashalen/mearm_ros2_ws/install/mearm_launch/share/mearm_launch/package.xml
