[0.014s] Invoking command in '/home/ashalen/mearm_ros2_ws/build/mearm_launch': CMAKE_PREFIX_PATH=${CMAKE_PREFIX_PATH}:/home/ashalen/mearm_model_ws/install:/opt/ros/humble: /usr/bin/cmake /home/ashalen/mearm_ros2_ws/mearm_launch -DCMAKE_INSTALL_PREFIX=/home/ashalen/mearm_ros2_ws/install/mearm_launch
[0.028s] -- Found ament_cmake: 1.3.11 (/opt/ros/humble/share/ament_cmake/cmake)
[0.148s] -- Override CMake install command with custom implementation using symlinks instead of copying resources
[0.154s] -- Found ament_lint_auto: 0.12.12 (/opt/ros/humble/share/ament_lint_auto/cmake)
[0.223s] -- Added test 'lint_cmake' to check CMake code style
[0.223s] -- Added test 'xmllint' to check XML markup files
[0.224s] -- Configuring done
[0.226s] -- Generating done
[0.227s] -- Build files have been written to: /home/ashalen/mearm_ros2_ws/build/mearm_launch
[0.230s] Invoked command in '/home/ashalen/mearm_ros2_ws/build/mearm_launch' returned '0': CMAKE_PREFIX_PATH=${CMAKE_PREFIX_PATH}:/home/ashalen/mearm_model_ws/install:/opt/ros/humble: /usr/bin/cmake /home/ashalen/mearm_ros2_ws/mearm_launch -DCMAKE_INSTALL_PREFIX=/home/ashalen/mearm_ros2_ws/install/mearm_launch
[0.231s] Invoking command in '/home/ashalen/mearm_ros2_ws/build/mearm_launch': CMAKE_PREFIX_PATH=${CMAKE_PREFIX_PATH}:/home/ashalen/mearm_model_ws/install:/opt/ros/humble: /usr/bin/cmake --build /home/ashalen/mearm_ros2_ws/build/mearm_launch -- -j8 -l8
[0.266s] Invoked command in '/home/ashalen/mearm_ros2_ws/build/mearm_launch' returned '0': CMAKE_PREFIX_PATH=${CMAKE_PREFIX_PATH}:/home/ashalen/mearm_model_ws/install:/opt/ros/humble: /usr/bin/cmake --build /home/ashalen/mearm_ros2_ws/build/mearm_launch -- -j8 -l8
[0.274s] Invoking command in '/home/ashalen/mearm_ros2_ws/build/mearm_launch': CMAKE_PREFIX_PATH=${CMAKE_PREFIX_PATH}:/home/ashalen/mearm_model_ws/install:/opt/ros/humble: /usr/bin/cmake --install /home/ashalen/mearm_ros2_ws/build/mearm_launch
[0.281s] -- Install configuration: ""
[0.282s] -- Execute custom install script
[0.282s] -- Up-to-date symlink: /home/ashalen/mearm_ros2_ws/install/mearm_launch/share/ament_index/resource_index/package_run_dependencies/mearm_launch
[0.282s] -- Up-to-date symlink: /home/ashalen/mearm_ros2_ws/install/mearm_launch/share/ament_index/resource_index/parent_prefix_path/mearm_launch
[0.282s] -- Up-to-date symlink: /home/ashalen/mearm_ros2_ws/install/mearm_launch/share/mearm_launch/environment/ament_prefix_path.sh
[0.283s] -- Up-to-date symlink: /home/ashalen/mearm_ros2_ws/install/mearm_launch/share/mearm_launch/environment/ament_prefix_path.dsv
[0.283s] -- Up-to-date symlink: /home/ashalen/mearm_ros2_ws/install/mearm_launch/share/mearm_launch/environment/path.sh
[0.283s] -- Up-to-date symlink: /home/ashalen/mearm_ros2_ws/install/mearm_launch/share/mearm_launch/environment/path.dsv
[0.283s] -- Up-to-date symlink: /home/ashalen/mearm_ros2_ws/install/mearm_launch/share/mearm_launch/local_setup.bash
[0.284s] -- Up-to-date symlink: /home/ashalen/mearm_ros2_ws/install/mearm_launch/share/mearm_launch/local_setup.sh
[0.284s] -- Up-to-date symlink: /home/ashalen/mearm_ros2_ws/install/mearm_launch/share/mearm_launch/local_setup.zsh
[0.284s] -- Up-to-date symlink: /home/ashalen/mearm_ros2_ws/install/mearm_launch/share/mearm_launch/local_setup.dsv
[0.284s] -- Symlinking: /home/ashalen/mearm_ros2_ws/install/mearm_launch/share/mearm_launch/package.dsv
[0.294s] -- Up-to-date symlink: /home/ashalen/mearm_ros2_ws/install/mearm_launch/share/ament_index/resource_index/packages/mearm_launch
[0.294s] -- Up-to-date symlink: /home/ashalen/mearm_ros2_ws/install/mearm_launch/share/mearm_launch/cmake/mearm_launchConfig.cmake
[0.294s] -- Up-to-date symlink: /home/ashalen/mearm_ros2_ws/install/mearm_launch/share/mearm_launch/cmake/mearm_launchConfig-version.cmake
[0.294s] -- Up-to-date symlink: /home/ashalen/mearm_ros2_ws/install/mearm_launch/share/mearm_launch/package.xml
[0.296s] Invoked command in '/home/ashalen/mearm_ros2_ws/build/mearm_launch' returned '0': CMAKE_PREFIX_PATH=${CMAKE_PREFIX_PATH}:/home/ashalen/mearm_model_ws/install:/opt/ros/humble: /usr/bin/cmake --install /home/ashalen/mearm_ros2_ws/build/mearm_launch
