[0.013s] Invoking command in '/home/ashalen/mearm_ros2_ws/build/mearm_model': CMAKE_PREFIX_PATH=${CMAKE_PREFIX_PATH}:/home/ashalen/mearm_model_ws/install:/opt/ros/humble /usr/bin/cmake --build /home/ashalen/mearm_ros2_ws/build/mearm_model -- -j8 -l8
[0.034s] -- Found ament_cmake: 1.3.11 (/opt/ros/humble/share/ament_cmake/cmake)
[0.167s] -- Override CMake install command with custom implementation using symlinks instead of copying resources
[0.175s] -- Found urdf: 2.6.1 (/opt/ros/humble/share/urdf/cmake)
[0.206s] -- Found xacro: 2.0.13 (/opt/ros/humble/share/xacro/cmake)
[0.278s] -- Configuring done
[0.280s] -- Generating done
[0.385s] -- Build files have been written to: /home/ashalen/mearm_ros2_ws/build/mearm_model
[0.404s] Invoked command in '/home/ashalen/mearm_ros2_ws/build/mearm_model' returned '0': CMAKE_PREFIX_PATH=${CMAKE_PREFIX_PATH}:/home/ashalen/mearm_model_ws/install:/opt/ros/humble /usr/bin/cmake --build /home/ashalen/mearm_ros2_ws/build/mearm_model -- -j8 -l8
[0.415s] Invoking command in '/home/ashalen/mearm_ros2_ws/build/mearm_model': CMAKE_PREFIX_PATH=${CMAKE_PREFIX_PATH}:/home/ashalen/mearm_model_ws/install:/opt/ros/humble /usr/bin/cmake --install /home/ashalen/mearm_ros2_ws/build/mearm_model
[0.423s] -- Install configuration: ""
[0.423s] -- Execute custom install script
[0.423s] -- Up-to-date symlink: /home/ashalen/mearm_ros2_ws/install/mearm_model/share/mearm_model/urdf/robot.urdf
[0.423s] -- Up-to-date symlink: /home/ashalen/mearm_ros2_ws/install/mearm_model/share/mearm_model/meshes/arm_0_base.stl
[0.423s] -- Up-to-date symlink: /home/ashalen/mearm_ros2_ws/install/mearm_model/share/mearm_model/meshes/arm_0_left.stl
[0.424s] -- Up-to-date symlink: /home/ashalen/mearm_ros2_ws/install/mearm_model/share/mearm_model/meshes/arm_0_right.stl
[0.424s] -- Up-to-date symlink: /home/ashalen/mearm_ros2_ws/install/mearm_model/share/mearm_model/meshes/arm_1_connector.stl
[0.424s] -- Up-to-date symlink: /home/ashalen/mearm_ros2_ws/install/mearm_model/share/mearm_model/meshes/arm_1_left.stl
[0.424s] -- Up-to-date symlink: /home/ashalen/mearm_ros2_ws/install/mearm_model/share/mearm_model/meshes/arm_1_right.stl
[0.424s] -- Up-to-date symlink: /home/ashalen/mearm_ros2_ws/install/mearm_model/share/mearm_model/meshes/base.stl
[0.424s] -- Up-to-date symlink: /home/ashalen/mearm_ros2_ws/install/mearm_model/share/mearm_model/meshes/base_top.stl
[0.424s] -- Up-to-date symlink: /home/ashalen/mearm_ros2_ws/install/mearm_model/share/mearm_model/meshes/column_base.stl
[0.424s] -- Up-to-date symlink: /home/ashalen/mearm_ros2_ws/install/mearm_model/share/mearm_model/meshes/column_board.stl
[0.424s] -- Up-to-date symlink: /home/ashalen/mearm_ros2_ws/install/mearm_model/share/mearm_model/meshes/column_connector.stl
[0.424s] -- Up-to-date symlink: /home/ashalen/mearm_ros2_ws/install/mearm_model/share/mearm_model/meshes/column_left.stl
[0.424s] -- Up-to-date symlink: /home/ashalen/mearm_ros2_ws/install/mearm_model/share/mearm_model/meshes/column_right.stl
[0.425s] -- Up-to-date symlink: /home/ashalen/mearm_ros2_ws/install/mearm_model/share/mearm_model/meshes/gripper_base.stl
[0.425s] -- Up-to-date symlink: /home/ashalen/mearm_ros2_ws/install/mearm_model/share/mearm_model/meshes/gripper_left.stl
[0.425s] -- Up-to-date symlink: /home/ashalen/mearm_ros2_ws/install/mearm_model/share/mearm_model/meshes/gripper_right.stl
[0.425s] -- Up-to-date symlink: /home/ashalen/mearm_ros2_ws/install/mearm_model/share/mearm_model/meshes/gripper_support.stl
[0.425s] -- Up-to-date symlink: /home/ashalen/mearm_ros2_ws/install/mearm_model/share/mearm_model/meshes/servo_actuator.stl
[0.425s] -- Symlinking: /home/ashalen/mearm_ros2_ws/install/mearm_model/share/mearm_model/launch/display.launch.py
[0.436s] -- Up-to-date symlink: /home/ashalen/mearm_ros2_ws/install/mearm_model/share/ament_index/resource_index/package_run_dependencies/mearm_model
[0.436s] -- Up-to-date symlink: /home/ashalen/mearm_ros2_ws/install/mearm_model/share/ament_index/resource_index/parent_prefix_path/mearm_model
[0.436s] -- Up-to-date symlink: /home/ashalen/mearm_ros2_ws/install/mearm_model/share/mearm_model/environment/ament_prefix_path.sh
[0.436s] -- Up-to-date symlink: /home/ashalen/mearm_ros2_ws/install/mearm_model/share/mearm_model/environment/ament_prefix_path.dsv
[0.436s] -- Up-to-date symlink: /home/ashalen/mearm_ros2_ws/install/mearm_model/share/mearm_model/environment/path.sh
[0.436s] -- Up-to-date symlink: /home/ashalen/mearm_ros2_ws/install/mearm_model/share/mearm_model/environment/path.dsv
[0.436s] -- Up-to-date symlink: /home/ashalen/mearm_ros2_ws/install/mearm_model/share/mearm_model/local_setup.bash
[0.436s] -- Up-to-date symlink: /home/ashalen/mearm_ros2_ws/install/mearm_model/share/mearm_model/local_setup.sh
[0.436s] -- Up-to-date symlink: /home/ashalen/mearm_ros2_ws/install/mearm_model/share/mearm_model/local_setup.zsh
[0.437s] -- Up-to-date symlink: /home/ashalen/mearm_ros2_ws/install/mearm_model/share/mearm_model/local_setup.dsv
[0.437s] -- Symlinking: /home/ashalen/mearm_ros2_ws/install/mearm_model/share/mearm_model/package.dsv
[0.444s] -- Up-to-date symlink: /home/ashalen/mearm_ros2_ws/install/mearm_model/share/ament_index/resource_index/packages/mearm_model
[0.444s] -- Up-to-date symlink: /home/ashalen/mearm_ros2_ws/install/mearm_model/share/mearm_model/cmake/mearm_modelConfig.cmake
[0.444s] -- Up-to-date symlink: /home/ashalen/mearm_ros2_ws/install/mearm_model/share/mearm_model/cmake/mearm_modelConfig-version.cmake
[0.444s] -- Up-to-date symlink: /home/ashalen/mearm_ros2_ws/install/mearm_model/share/mearm_model/package.xml
[0.446s] Invoked command in '/home/ashalen/mearm_ros2_ws/build/mearm_model' returned '0': CMAKE_PREFIX_PATH=${CMAKE_PREFIX_PATH}:/home/ashalen/mearm_model_ws/install:/opt/ros/humble /usr/bin/cmake --install /home/ashalen/mearm_ros2_ws/build/mearm_model
