[0.109s] DEBUG:colcon:Command line arguments: ['/usr/bin/colcon', 'build', '--symlink-install']
[0.109s] DEBUG:colcon:Parsed command line arguments: Namespace(log_base=None, log_level=None, verb_name='build', build_base='build', install_base='install', merge_install=False, symlink_install=True, test_result_base=None, continue_on_error=False, executor='parallel', parallel_workers=8, event_handlers=None, ignore_user_meta=False, metas=['./colcon.meta'], base_paths=['.'], packages_ignore=None, packages_ignore_regex=None, paths=None, packages_up_to=None, packages_up_to_regex=None, packages_above=None, packages_above_and_dependencies=None, packages_above_depth=None, packages_select_by_dep=None, packages_skip_by_dep=None, packages_skip_up_to=None, packages_select_build_failed=False, packages_skip_build_finished=False, packages_select_test_failures=False, packages_skip_test_passed=False, packages_select=None, packages_skip=None, packages_select_regex=None, packages_skip_regex=None, packages_start=None, packages_end=None, allow_overriding=[], cmake_args=None, cmake_target=None, cmake_target_skip_unavailable=False, cmake_clean_cache=False, cmake_clean_first=False, cmake_force_configure=False, ament_cmake_args=None, catkin_cmake_args=None, catkin_skip_building_tests=False, verb_parser=<colcon_defaults.argument_parser.defaults.DefaultArgumentsDecorator object at 0x71617a823be0>, verb_extension=<colcon_core.verb.build.BuildVerb object at 0x71617a8236d0>, main=<bound method BuildVerb.main of <colcon_core.verb.build.BuildVerb object at 0x71617a8236d0>>)
[0.285s] Level 1:colcon.colcon_core.package_discovery:discover_packages(colcon_meta) check parameters
[0.285s] Level 1:colcon.colcon_core.package_discovery:discover_packages(recursive) check parameters
[0.285s] Level 1:colcon.colcon_core.package_discovery:discover_packages(ignore) check parameters
[0.285s] Level 1:colcon.colcon_core.package_discovery:discover_packages(path) check parameters
[0.286s] Level 1:colcon.colcon_core.package_discovery:discover_packages(colcon_meta) discover
[0.286s] Level 1:colcon.colcon_core.package_discovery:discover_packages(recursive) discover
[0.286s] INFO:colcon.colcon_core.package_discovery:Crawling recursively for packages in '/home/ashalen/mearm_ros2_ws'
[0.286s] Level 1:colcon.colcon_core.package_identification:_identify(.) by extensions ['ignore', 'ignore_ament_install']
[0.286s] Level 1:colcon.colcon_core.package_identification:_identify(.) by extension 'ignore'
[0.286s] Level 1:colcon.colcon_core.package_identification:_identify(.) by extension 'ignore_ament_install'
[0.286s] Level 1:colcon.colcon_core.package_identification:_identify(.) by extensions ['colcon_pkg']
[0.286s] Level 1:colcon.colcon_core.package_identification:_identify(.) by extension 'colcon_pkg'
[0.286s] Level 1:colcon.colcon_core.package_identification:_identify(.) by extensions ['colcon_meta']
[0.286s] Level 1:colcon.colcon_core.package_identification:_identify(.) by extension 'colcon_meta'
[0.286s] Level 1:colcon.colcon_core.package_identification:_identify(.) by extensions ['ros']
[0.286s] Level 1:colcon.colcon_core.package_identification:_identify(.) by extension 'ros'
[0.303s] Level 1:colcon.colcon_core.package_identification:_identify(.) by extensions ['cmake', 'python']
[0.303s] Level 1:colcon.colcon_core.package_identification:_identify(.) by extension 'cmake'
[0.303s] Level 1:colcon.colcon_core.package_identification:_identify(.) by extension 'python'
[0.303s] Level 1:colcon.colcon_core.package_identification:_identify(.) by extensions ['python_setup_py']
[0.303s] Level 1:colcon.colcon_core.package_identification:_identify(.) by extension 'python_setup_py'
[0.303s] Level 1:colcon.colcon_core.package_identification:_identify(build) by extensions ['ignore', 'ignore_ament_install']
[0.303s] Level 1:colcon.colcon_core.package_identification:_identify(build) by extension 'ignore'
[0.303s] Level 1:colcon.colcon_core.package_identification:_identify(build) ignored
[0.303s] Level 1:colcon.colcon_core.package_identification:_identify(install) by extensions ['ignore', 'ignore_ament_install']
[0.303s] Level 1:colcon.colcon_core.package_identification:_identify(install) by extension 'ignore'
[0.304s] Level 1:colcon.colcon_core.package_identification:_identify(install) ignored
[0.304s] Level 1:colcon.colcon_core.package_identification:_identify(log) by extensions ['ignore', 'ignore_ament_install']
[0.304s] Level 1:colcon.colcon_core.package_identification:_identify(log) by extension 'ignore'
[0.304s] Level 1:colcon.colcon_core.package_identification:_identify(log) ignored
[0.304s] Level 1:colcon.colcon_core.package_identification:_identify(src) by extensions ['ignore', 'ignore_ament_install']
[0.304s] Level 1:colcon.colcon_core.package_identification:_identify(src) by extension 'ignore'
[0.304s] Level 1:colcon.colcon_core.package_identification:_identify(src) by extension 'ignore_ament_install'
[0.304s] Level 1:colcon.colcon_core.package_identification:_identify(src) by extensions ['colcon_pkg']
[0.304s] Level 1:colcon.colcon_core.package_identification:_identify(src) by extension 'colcon_pkg'
[0.304s] Level 1:colcon.colcon_core.package_identification:_identify(src) by extensions ['colcon_meta']
[0.304s] Level 1:colcon.colcon_core.package_identification:_identify(src) by extension 'colcon_meta'
[0.304s] Level 1:colcon.colcon_core.package_identification:_identify(src) by extensions ['ros']
[0.304s] Level 1:colcon.colcon_core.package_identification:_identify(src) by extension 'ros'
[0.304s] Level 1:colcon.colcon_core.package_identification:_identify(src) by extensions ['cmake', 'python']
[0.304s] Level 1:colcon.colcon_core.package_identification:_identify(src) by extension 'cmake'
[0.304s] Level 1:colcon.colcon_core.package_identification:_identify(src) by extension 'python'
[0.304s] Level 1:colcon.colcon_core.package_identification:_identify(src) by extensions ['python_setup_py']
[0.304s] Level 1:colcon.colcon_core.package_identification:_identify(src) by extension 'python_setup_py'
[0.305s] Level 1:colcon.colcon_core.package_identification:_identify(src/mearm_model) by extensions ['ignore', 'ignore_ament_install']
[0.305s] Level 1:colcon.colcon_core.package_identification:_identify(src/mearm_model) by extension 'ignore'
[0.305s] Level 1:colcon.colcon_core.package_identification:_identify(src/mearm_model) by extension 'ignore_ament_install'
[0.305s] Level 1:colcon.colcon_core.package_identification:_identify(src/mearm_model) by extensions ['colcon_pkg']
[0.305s] Level 1:colcon.colcon_core.package_identification:_identify(src/mearm_model) by extension 'colcon_pkg'
[0.305s] Level 1:colcon.colcon_core.package_identification:_identify(src/mearm_model) by extensions ['colcon_meta']
[0.305s] Level 1:colcon.colcon_core.package_identification:_identify(src/mearm_model) by extension 'colcon_meta'
[0.305s] Level 1:colcon.colcon_core.package_identification:_identify(src/mearm_model) by extensions ['ros']
[0.305s] Level 1:colcon.colcon_core.package_identification:_identify(src/mearm_model) by extension 'ros'
[0.308s] DEBUG:colcon.colcon_core.package_identification:Package 'src/mearm_model' with type 'ros.ament_cmake' and name 'mearm_model'
[0.308s] Level 1:colcon.colcon_core.package_discovery:discover_packages(recursive) using defaults
[0.308s] Level 1:colcon.colcon_core.package_discovery:discover_packages(ignore) discover
[0.308s] Level 1:colcon.colcon_core.package_discovery:discover_packages(ignore) using defaults
[0.308s] Level 1:colcon.colcon_core.package_discovery:discover_packages(path) discover
[0.308s] Level 1:colcon.colcon_core.package_discovery:discover_packages(path) using defaults
[0.329s] Level 1:colcon.colcon_core.package_discovery:discover_packages(prefix_path) check parameters
[0.329s] Level 1:colcon.colcon_core.package_discovery:discover_packages(prefix_path) discover
[0.330s] WARNING:colcon.colcon_core.prefix_path.colcon:The path '/home/ashalen/mearm_ws/install' in the environment variable COLCON_PREFIX_PATH doesn't exist
[0.330s] WARNING:colcon.colcon_core.prefix_path.colcon:The path '/home/ashalen/mearm_model_ws/install' in the environment variable COLCON_PREFIX_PATH doesn't exist
[0.330s] WARNING:colcon.colcon_ros.prefix_path.ament:The path '/home/ashalen/mearm_model_ws/install' in the environment variable AMENT_PREFIX_PATH doesn't exist
[0.331s] DEBUG:colcon.colcon_installed_package_information.package_discovery:Found 307 installed packages in /opt/ros/humble
[0.347s] Level 1:colcon.colcon_core.package_discovery:discover_packages(prefix_path) using defaults
[0.395s] Level 5:colcon.colcon_core.verb:set package 'mearm_model' build argument 'cmake_args' from command line to 'None'
[0.395s] Level 5:colcon.colcon_core.verb:set package 'mearm_model' build argument 'cmake_target' from command line to 'None'
[0.395s] Level 5:colcon.colcon_core.verb:set package 'mearm_model' build argument 'cmake_target_skip_unavailable' from command line to 'False'
[0.395s] Level 5:colcon.colcon_core.verb:set package 'mearm_model' build argument 'cmake_clean_cache' from command line to 'False'
[0.395s] Level 5:colcon.colcon_core.verb:set package 'mearm_model' build argument 'cmake_clean_first' from command line to 'False'
[0.395s] Level 5:colcon.colcon_core.verb:set package 'mearm_model' build argument 'cmake_force_configure' from command line to 'False'
[0.395s] Level 5:colcon.colcon_core.verb:set package 'mearm_model' build argument 'ament_cmake_args' from command line to 'None'
[0.395s] Level 5:colcon.colcon_core.verb:set package 'mearm_model' build argument 'catkin_cmake_args' from command line to 'None'
[0.395s] Level 5:colcon.colcon_core.verb:set package 'mearm_model' build argument 'catkin_skip_building_tests' from command line to 'False'
[0.395s] DEBUG:colcon.colcon_core.verb:Building package 'mearm_model' with the following arguments: {'ament_cmake_args': None, 'build_base': '/home/ashalen/mearm_ros2_ws/build/mearm_model', 'catkin_cmake_args': None, 'catkin_skip_building_tests': False, 'cmake_args': None, 'cmake_clean_cache': False, 'cmake_clean_first': False, 'cmake_force_configure': False, 'cmake_target': None, 'cmake_target_skip_unavailable': False, 'install_base': '/home/ashalen/mearm_ros2_ws/install/mearm_model', 'merge_install': False, 'path': '/home/ashalen/mearm_ros2_ws/src/mearm_model', 'symlink_install': True, 'test_result_base': None}
[0.396s] INFO:colcon.colcon_core.executor:Executing jobs using 'parallel' executor
[0.396s] DEBUG:colcon.colcon_parallel_executor.executor.parallel:run_until_complete
[0.397s] INFO:colcon.colcon_ros.task.ament_cmake.build:Building ROS package in '/home/ashalen/mearm_ros2_ws/src/mearm_model' with build type 'ament_cmake'
[0.397s] INFO:colcon.colcon_cmake.task.cmake.build:Building CMake package in '/home/ashalen/mearm_ros2_ws/src/mearm_model'
[0.398s] INFO:colcon.colcon_core.plugin_system:Skipping extension 'colcon_core.shell.bat': Not used on non-Windows systems
[0.399s] INFO:colcon.colcon_core.shell:Skip shell extension 'powershell' for command environment: Not usable outside of PowerShell
[0.399s] DEBUG:colcon.colcon_core.shell:Skip shell extension 'dsv' for command environment
[0.406s] DEBUG:colcon.colcon_core.event_handler.log_command:Invoking command in '/home/ashalen/mearm_ros2_ws/build/mearm_model': CMAKE_PREFIX_PATH=/home/ashalen/mearm_model_ws/install:/opt/ros/humble /usr/bin/cmake /home/ashalen/mearm_ros2_ws/src/mearm_model -DAMENT_CMAKE_SYMLINK_INSTALL=1 -DCMAKE_INSTALL_PREFIX=/home/ashalen/mearm_ros2_ws/install/mearm_model
[1.105s] DEBUG:colcon.colcon_core.event_handler.log_command:Invoked command in '/home/ashalen/mearm_ros2_ws/build/mearm_model' returned '0': CMAKE_PREFIX_PATH=/home/ashalen/mearm_model_ws/install:/opt/ros/humble /usr/bin/cmake /home/ashalen/mearm_ros2_ws/src/mearm_model -DAMENT_CMAKE_SYMLINK_INSTALL=1 -DCMAKE_INSTALL_PREFIX=/home/ashalen/mearm_ros2_ws/install/mearm_model
[1.108s] DEBUG:colcon.colcon_core.event_handler.log_command:Invoking command in '/home/ashalen/mearm_ros2_ws/build/mearm_model': CMAKE_PREFIX_PATH=/home/ashalen/mearm_model_ws/install:/opt/ros/humble /usr/bin/cmake --build /home/ashalen/mearm_ros2_ws/build/mearm_model -- -j8 -l8
[1.144s] DEBUG:colcon.colcon_core.event_handler.log_command:Invoked command in '/home/ashalen/mearm_ros2_ws/build/mearm_model' returned '0': CMAKE_PREFIX_PATH=/home/ashalen/mearm_model_ws/install:/opt/ros/humble /usr/bin/cmake --build /home/ashalen/mearm_ros2_ws/build/mearm_model -- -j8 -l8
[1.154s] DEBUG:colcon.colcon_core.event_handler.log_command:Invoking command in '/home/ashalen/mearm_ros2_ws/build/mearm_model': CMAKE_PREFIX_PATH=/home/ashalen/mearm_model_ws/install:/opt/ros/humble /usr/bin/cmake --install /home/ashalen/mearm_ros2_ws/build/mearm_model
[1.489s] Level 1:colcon.colcon_core.environment:create_environment_scripts_only(mearm_model)
[1.489s] DEBUG:colcon.colcon_core.event_handler.log_command:Invoked command in '/home/ashalen/mearm_ros2_ws/build/mearm_model' returned '0': CMAKE_PREFIX_PATH=/home/ashalen/mearm_model_ws/install:/opt/ros/humble /usr/bin/cmake --install /home/ashalen/mearm_ros2_ws/build/mearm_model
[1.491s] Level 1:colcon.colcon_core.environment:checking '/home/ashalen/mearm_ros2_ws/install/mearm_model' for CMake module files
[1.492s] Level 1:colcon.colcon_core.environment:checking '/home/ashalen/mearm_ros2_ws/install/mearm_model' for CMake config files
[1.492s] Level 1:colcon.colcon_core.shell:create_environment_hook('mearm_model', 'cmake_prefix_path')
[1.492s] INFO:colcon.colcon_core.shell:Creating environment hook '/home/ashalen/mearm_ros2_ws/install/mearm_model/share/mearm_model/hook/cmake_prefix_path.ps1'
[1.494s] INFO:colcon.colcon_core.shell:Creating environment descriptor '/home/ashalen/mearm_ros2_ws/install/mearm_model/share/mearm_model/hook/cmake_prefix_path.dsv'
[1.495s] INFO:colcon.colcon_core.shell:Creating environment hook '/home/ashalen/mearm_ros2_ws/install/mearm_model/share/mearm_model/hook/cmake_prefix_path.sh'
[1.496s] Level 1:colcon.colcon_core.environment:checking '/home/ashalen/mearm_ros2_ws/install/mearm_model/bin'
[1.497s] Level 1:colcon.colcon_core.environment:checking '/home/ashalen/mearm_ros2_ws/install/mearm_model/lib/pkgconfig/mearm_model.pc'
[1.497s] Level 1:colcon.colcon_core.environment:checking '/home/ashalen/mearm_ros2_ws/install/mearm_model/lib/python3.10/site-packages'
[1.497s] Level 1:colcon.colcon_core.environment:checking '/home/ashalen/mearm_ros2_ws/install/mearm_model/bin'
[1.498s] INFO:colcon.colcon_core.shell:Creating package script '/home/ashalen/mearm_ros2_ws/install/mearm_model/share/mearm_model/package.ps1'
[1.499s] INFO:colcon.colcon_core.shell:Creating package descriptor '/home/ashalen/mearm_ros2_ws/install/mearm_model/share/mearm_model/package.dsv'
[1.500s] INFO:colcon.colcon_core.shell:Creating package script '/home/ashalen/mearm_ros2_ws/install/mearm_model/share/mearm_model/package.sh'
[1.501s] INFO:colcon.colcon_core.shell:Creating package script '/home/ashalen/mearm_ros2_ws/install/mearm_model/share/mearm_model/package.bash'
[1.502s] INFO:colcon.colcon_core.shell:Creating package script '/home/ashalen/mearm_ros2_ws/install/mearm_model/share/mearm_model/package.zsh'
[1.503s] Level 1:colcon.colcon_core.environment:create_file_with_runtime_dependencies(/home/ashalen/mearm_ros2_ws/install/mearm_model/share/colcon-core/packages/mearm_model)
[1.504s] Level 1:colcon.colcon_core.environment:create_environment_scripts_only(mearm_model)
[1.505s] Level 1:colcon.colcon_core.environment:checking '/home/ashalen/mearm_ros2_ws/install/mearm_model' for CMake module files
[1.506s] Level 1:colcon.colcon_core.environment:checking '/home/ashalen/mearm_ros2_ws/install/mearm_model' for CMake config files
[1.506s] Level 1:colcon.colcon_core.shell:create_environment_hook('mearm_model', 'cmake_prefix_path')
[1.506s] INFO:colcon.colcon_core.shell:Creating environment hook '/home/ashalen/mearm_ros2_ws/install/mearm_model/share/mearm_model/hook/cmake_prefix_path.ps1'
[1.507s] INFO:colcon.colcon_core.shell:Creating environment descriptor '/home/ashalen/mearm_ros2_ws/install/mearm_model/share/mearm_model/hook/cmake_prefix_path.dsv'
[1.507s] INFO:colcon.colcon_core.shell:Creating environment hook '/home/ashalen/mearm_ros2_ws/install/mearm_model/share/mearm_model/hook/cmake_prefix_path.sh'
[1.509s] Level 1:colcon.colcon_core.environment:checking '/home/ashalen/mearm_ros2_ws/install/mearm_model/bin'
[1.509s] Level 1:colcon.colcon_core.environment:checking '/home/ashalen/mearm_ros2_ws/install/mearm_model/lib/pkgconfig/mearm_model.pc'
[1.509s] Level 1:colcon.colcon_core.environment:checking '/home/ashalen/mearm_ros2_ws/install/mearm_model/lib/python3.10/site-packages'
[1.510s] Level 1:colcon.colcon_core.environment:checking '/home/ashalen/mearm_ros2_ws/install/mearm_model/bin'
[1.510s] INFO:colcon.colcon_core.shell:Creating package script '/home/ashalen/mearm_ros2_ws/install/mearm_model/share/mearm_model/package.ps1'
[1.512s] INFO:colcon.colcon_core.shell:Creating package descriptor '/home/ashalen/mearm_ros2_ws/install/mearm_model/share/mearm_model/package.dsv'
[1.513s] INFO:colcon.colcon_core.shell:Creating package script '/home/ashalen/mearm_ros2_ws/install/mearm_model/share/mearm_model/package.sh'
[1.514s] INFO:colcon.colcon_core.shell:Creating package script '/home/ashalen/mearm_ros2_ws/install/mearm_model/share/mearm_model/package.bash'
[1.515s] INFO:colcon.colcon_core.shell:Creating package script '/home/ashalen/mearm_ros2_ws/install/mearm_model/share/mearm_model/package.zsh'
[1.516s] Level 1:colcon.colcon_core.environment:create_file_with_runtime_dependencies(/home/ashalen/mearm_ros2_ws/install/mearm_model/share/colcon-core/packages/mearm_model)
[1.516s] DEBUG:colcon.colcon_parallel_executor.executor.parallel:closing loop
[1.516s] DEBUG:colcon.colcon_parallel_executor.executor.parallel:loop closed
[1.516s] DEBUG:colcon.colcon_parallel_executor.executor.parallel:run_until_complete finished with '0'
[1.516s] DEBUG:colcon.colcon_core.event_reactor:joining thread
[1.525s] INFO:colcon.colcon_core.plugin_system:Skipping extension 'colcon_notification.desktop_notification.terminal_notifier': Not used on non-Darwin systems
[1.525s] INFO:colcon.colcon_core.plugin_system:Skipping extension 'colcon_notification.desktop_notification.win32': Not used on non-Windows systems
[1.525s] INFO:colcon.colcon_notification.desktop_notification:Sending desktop notification using 'notify2'
[1.541s] DEBUG:colcon.colcon_core.event_reactor:joined thread
[1.541s] INFO:colcon.colcon_core.shell:Creating prefix script '/home/ashalen/mearm_ros2_ws/install/local_setup.ps1'
[1.543s] INFO:colcon.colcon_core.shell:Creating prefix util module '/home/ashalen/mearm_ros2_ws/install/_local_setup_util_ps1.py'
[1.546s] INFO:colcon.colcon_core.shell:Creating prefix chain script '/home/ashalen/mearm_ros2_ws/install/setup.ps1'
[1.548s] INFO:colcon.colcon_core.shell:Creating prefix script '/home/ashalen/mearm_ros2_ws/install/local_setup.sh'
[1.549s] INFO:colcon.colcon_core.shell:Creating prefix util module '/home/ashalen/mearm_ros2_ws/install/_local_setup_util_sh.py'
[1.550s] INFO:colcon.colcon_core.shell:Creating prefix chain script '/home/ashalen/mearm_ros2_ws/install/setup.sh'
[1.551s] INFO:colcon.colcon_core.shell:Creating prefix script '/home/ashalen/mearm_ros2_ws/install/local_setup.bash'
[1.552s] INFO:colcon.colcon_core.shell:Creating prefix chain script '/home/ashalen/mearm_ros2_ws/install/setup.bash'
[1.554s] INFO:colcon.colcon_core.shell:Creating prefix script '/home/ashalen/mearm_ros2_ws/install/local_setup.zsh'
[1.554s] INFO:colcon.colcon_core.shell:Creating prefix chain script '/home/ashalen/mearm_ros2_ws/install/setup.zsh'
