[0.009s] Invoking command in '/home/ashalen/mearm_ros2_ws/build/mearm_model': CMAKE_PREFIX_PATH=/home/ashalen/mearm_model_ws/install:/opt/ros/humble /usr/bin/cmake /home/ashalen/mearm_ros2_ws/src/mearm_model -DAMENT_CMAKE_SYMLINK_INSTALL=1 -DCMAKE_INSTALL_PREFIX=/home/ashalen/mearm_ros2_ws/install/mearm_model
[0.061s] -- The C compiler identification is GNU 11.4.0
[0.112s] -- The CXX compiler identification is GNU 11.4.0
[0.120s] -- Detecting C compiler ABI info
[0.183s] -- Detecting C compiler ABI info - done
[0.190s] -- Check for working C compiler: /usr/bin/cc - skipped
[0.190s] -- Detecting C compile features
[0.191s] -- Detecting C compile features - done
[0.193s] -- Detecting CXX compiler ABI info
[0.272s] -- Detecting CXX compiler ABI info - done
[0.279s] -- Check for working CXX compiler: /usr/bin/c++ - skipped
[0.280s] -- Detecting CXX compile features
[0.280s] -- Detecting CXX compile features - done
[0.282s] -- Found ament_cmake: 1.3.11 (/opt/ros/humble/share/ament_cmake/cmake)
[0.437s] -- Found Python3: /usr/bin/python3 (found version "3.10.12") found components: Interpreter 
[0.500s] -- Override CMake install command with custom implementation using symlinks instead of copying resources
[0.570s] -- Found urdf: 2.6.1 (/opt/ros/humble/share/urdf/cmake)
[0.625s] -- Found xacro: 2.0.13 (/opt/ros/humble/share/xacro/cmake)
[0.697s] -- Configuring done
[0.700s] -- Generating done
[0.702s] -- Build files have been written to: /home/ashalen/mearm_ros2_ws/build/mearm_model
[0.708s] Invoked command in '/home/ashalen/mearm_ros2_ws/build/mearm_model' returned '0': CMAKE_PREFIX_PATH=/home/ashalen/mearm_model_ws/install:/opt/ros/humble /usr/bin/cmake /home/ashalen/mearm_ros2_ws/src/mearm_model -DAMENT_CMAKE_SYMLINK_INSTALL=1 -DCMAKE_INSTALL_PREFIX=/home/ashalen/mearm_ros2_ws/install/mearm_model
[0.710s] Invoking command in '/home/ashalen/mearm_ros2_ws/build/mearm_model': CMAKE_PREFIX_PATH=/home/ashalen/mearm_model_ws/install:/opt/ros/humble /usr/bin/cmake --build /home/ashalen/mearm_ros2_ws/build/mearm_model -- -j8 -l8
[0.747s] Invoked command in '/home/ashalen/mearm_ros2_ws/build/mearm_model' returned '0': CMAKE_PREFIX_PATH=/home/ashalen/mearm_model_ws/install:/opt/ros/humble /usr/bin/cmake --build /home/ashalen/mearm_ros2_ws/build/mearm_model -- -j8 -l8
[0.757s] Invoking command in '/home/ashalen/mearm_ros2_ws/build/mearm_model': CMAKE_PREFIX_PATH=/home/ashalen/mearm_model_ws/install:/opt/ros/humble /usr/bin/cmake --install /home/ashalen/mearm_ros2_ws/build/mearm_model
[0.764s] -- Install configuration: ""
[0.764s] -- Execute custom install script
[0.765s] -- Symlinking: /home/ashalen/mearm_ros2_ws/install/mearm_model/share/mearm_model/urdf/robot.urdf
[0.773s] -- Symlinking: /home/ashalen/mearm_ros2_ws/install/mearm_model/share/mearm_model/meshes/arm_0_base.stl
[0.781s] -- Symlinking: /home/ashalen/mearm_ros2_ws/install/mearm_model/share/mearm_model/meshes/arm_0_left.stl
[0.789s] -- Symlinking: /home/ashalen/mearm_ros2_ws/install/mearm_model/share/mearm_model/meshes/arm_0_right.stl
[0.797s] -- Symlinking: /home/ashalen/mearm_ros2_ws/install/mearm_model/share/mearm_model/meshes/arm_1_connector.stl
[0.804s] -- Symlinking: /home/ashalen/mearm_ros2_ws/install/mearm_model/share/mearm_model/meshes/arm_1_left.stl
[0.811s] -- Symlinking: /home/ashalen/mearm_ros2_ws/install/mearm_model/share/mearm_model/meshes/arm_1_right.stl
[0.819s] -- Symlinking: /home/ashalen/mearm_ros2_ws/install/mearm_model/share/mearm_model/meshes/base.stl
[0.828s] -- Symlinking: /home/ashalen/mearm_ros2_ws/install/mearm_model/share/mearm_model/meshes/base_top.stl
[0.837s] -- Symlinking: /home/ashalen/mearm_ros2_ws/install/mearm_model/share/mearm_model/meshes/column_base.stl
[0.846s] -- Symlinking: /home/ashalen/mearm_ros2_ws/install/mearm_model/share/mearm_model/meshes/column_board.stl
[0.854s] -- Symlinking: /home/ashalen/mearm_ros2_ws/install/mearm_model/share/mearm_model/meshes/column_connector.stl
[0.861s] -- Symlinking: /home/ashalen/mearm_ros2_ws/install/mearm_model/share/mearm_model/meshes/column_left.stl
[0.869s] -- Symlinking: /home/ashalen/mearm_ros2_ws/install/mearm_model/share/mearm_model/meshes/column_right.stl
[0.876s] -- Symlinking: /home/ashalen/mearm_ros2_ws/install/mearm_model/share/mearm_model/meshes/gripper_base.stl
[0.884s] -- Symlinking: /home/ashalen/mearm_ros2_ws/install/mearm_model/share/mearm_model/meshes/gripper_left.stl
[0.892s] -- Symlinking: /home/ashalen/mearm_ros2_ws/install/mearm_model/share/mearm_model/meshes/gripper_right.stl
[0.903s] -- Symlinking: /home/ashalen/mearm_ros2_ws/install/mearm_model/share/mearm_model/meshes/gripper_support.stl
[0.911s] -- Symlinking: /home/ashalen/mearm_ros2_ws/install/mearm_model/share/mearm_model/meshes/servo_actuator.stl
[0.927s] -- Symlinking: /home/ashalen/mearm_ros2_ws/install/mearm_model/share/ament_index/resource_index/package_run_dependencies/mearm_model
[0.948s] -- Symlinking: /home/ashalen/mearm_ros2_ws/install/mearm_model/share/ament_index/resource_index/parent_prefix_path/mearm_model
[0.959s] -- Symlinking: /home/ashalen/mearm_ros2_ws/install/mearm_model/share/mearm_model/environment/ament_prefix_path.sh
[0.974s] -- Symlinking: /home/ashalen/mearm_ros2_ws/install/mearm_model/share/mearm_model/environment/ament_prefix_path.dsv
[0.985s] -- Symlinking: /home/ashalen/mearm_ros2_ws/install/mearm_model/share/mearm_model/environment/path.sh
[0.996s] -- Symlinking: /home/ashalen/mearm_ros2_ws/install/mearm_model/share/mearm_model/environment/path.dsv
[1.006s] -- Symlinking: /home/ashalen/mearm_ros2_ws/install/mearm_model/share/mearm_model/local_setup.bash
[1.016s] -- Symlinking: /home/ashalen/mearm_ros2_ws/install/mearm_model/share/mearm_model/local_setup.sh
[1.026s] -- Symlinking: /home/ashalen/mearm_ros2_ws/install/mearm_model/share/mearm_model/local_setup.zsh
[1.038s] -- Symlinking: /home/ashalen/mearm_ros2_ws/install/mearm_model/share/mearm_model/local_setup.dsv
[1.047s] -- Symlinking: /home/ashalen/mearm_ros2_ws/install/mearm_model/share/mearm_model/package.dsv
[1.056s] -- Symlinking: /home/ashalen/mearm_ros2_ws/install/mearm_model/share/ament_index/resource_index/packages/mearm_model
[1.065s] -- Symlinking: /home/ashalen/mearm_ros2_ws/install/mearm_model/share/mearm_model/cmake/mearm_modelConfig.cmake
[1.073s] -- Symlinking: /home/ashalen/mearm_ros2_ws/install/mearm_model/share/mearm_model/cmake/mearm_modelConfig-version.cmake
[1.082s] -- Symlinking: /home/ashalen/mearm_ros2_ws/install/mearm_model/share/mearm_model/package.xml
[1.092s] Invoked command in '/home/ashalen/mearm_ros2_ws/build/mearm_model' returned '0': CMAKE_PREFIX_PATH=/home/ashalen/mearm_model_ws/install:/opt/ros/humble /usr/bin/cmake --install /home/ashalen/mearm_ros2_ws/build/mearm_model
